[7l----system---- ----total-cpu-usage---- ------memory-usage-----
     time     |usr sys idl wai hiq siq| used  buff  cach  free
13-06 16:18:49|  5   2  89   4   0   0| 424M 6728k 35.0M 3669M
13-06 16:18:51| 10   1  88   1   0   0| 562M 9732k 67.8M 3495M
13-06 16:18:53| 20   1  78   1   0   0| 715M 12.5M 85.4M 3322M
13-06 16:18:55| 25   2  73   0   0   0|1184M 13.1M  100M 2837M
13-06 16:18:57| 10   0  88   1   0   0| 473M 16.2M  113M 3532M
13-06 16:18:59| 14   4  72   9   0   0|1082M 16.2M  438M 2598M
13-06 16:19:01|  7   4  81   8   0   0|1646M 16.2M  766M 1706M
13-06 16:19:03|  7   4  82   7   0   0|2088M 16.2M 1068M  962M
13-06 16:19:05|  8   4  82   6   0   0|2430M 16.2M 1350M  338M
13-06 16:19:07|  8   4  82   6   0   0|2485M 10.1M 1505M  135M
13-06 16:19:09|  8   4  81   7   0   0|2508M 10.1M 1478M  139M
13-06 16:19:11|  8   4  82   6   0   0|2519M 10.1M 1471M  135M
13-06 16:19:13|  8   4  82   5   0   0|2517M 10.1M 1430M  178M
13-06 16:19:15|  8   4  82   6   0   0|2522M 10.4M 1484M  118M
13-06 16:19:17|  8   4  82   5   0   0|2544M 10.3M 1449M  132M
13-06 16:19:19| 11   4  79   5   0   0|2543M 10.5M 1457M  124M
13-06 16:19:21|  8   4  83   5   0   0|2591M 10.4M 1386M  147M
13-06 16:19:23|  8   4  83   5   0   0|2625M 10.3M 1362M  137M
13-06 16:19:25|  8   4  82   5   0   0|2627M 10.2M 1360M  137M
13-06 16:19:27|  8   4  82   5   0   0|2685M 10.3M 1312M  128M
13-06 16:19:29|  7   4  82   7   0   0|2693M 10.3M 1311M  120M
13-06 16:19:31|  8   4  83   5   0   0|2695M 10.3M 1290M  139M
13-06 16:19:33|  8   4  83   5   0   0|2697M 5836k 1293M  138M
13-06 16:19:35|  8   4  83   6   0   0|2698M 4528k 1308M  124M
13-06 16:19:37|  8   4  82   5   0   0|2710M 4280k 1287M  133M
13-06 16:19:39|  8   4  82   5   0   0|2709M 4260k 1285M  136M
13-06 16:19:41|  8   4  82   5   0   0|2705M 4244k 1286M  139M
13-06 16:19:43|  8   4  83   5   0   0|2707M 4248k 1291M  133M
13-06 16:19:45|  8   4  82   5   0   0|2705M 4208k 1281M  144M
13-06 16:19:47|  8   4  82   6   0   0|2710M 4216k 1278M  142M
13-06 16:19:49|  8   4  83   5   0   0|2709M 4224k 1280M  141M
13-06 16:19:51|  8   4  83   5   0   0|2708M 4232k 1283M  139M
13-06 16:19:53|  8   4  82   5   0   0|2707M 4212k 1285M  137M
13-06 16:19:55|  7   4  82   7   0   0|2706M 4208k 1298M  126M
13-06 16:19:57|  8   4  83   5   0   0|2705M 4216k 1292M  134M
13-06 16:19:59|  8   4  82   6   0   0|2706M 4224k 1286M  138M
13-06 16:20:01|  8   4  82   6   0   0|2706M 4212k 1286M  138M
13-06 16:20:03|  8   4  80   7   0   0|2699M 4736k 1298M  132M
13-06 16:20:05|  8   4  81   7   0   0|2701M 4672k 1302M  127M
13-06 16:20:07|  8   4  81   7   0   0|2701M 4492k 1290M  139M
13-06 16:20:09|  8   4  81   7   0   0|2703M 4248k 1299M  128M
13-06 16:20:11|  8   4  81   7   0   0|2703M 4264k 1296M  131M
13-06 16:20:13|  8   4  81   7   0   0|2705M 4256k 1284M  142M
13-06 16:20:15|  8   4  81   7   0   0|2706M 4236k 1287M  138M
13-06 16:20:17|  8   4  81   7   0   0|2707M 4244k 1289M  134M
13-06 16:20:19|  8   4  81   6   0   0|2709M 4252k 1276M  145M
13-06 16:20:21|  7   4  81   8   0   0|2708M 4260k 1286M  136M
13-06 16:20:23|  8   4  82   6   0   0|2711M 4208k 1285M  134M
13-06 16:20:25|  8   4  81   7   0   0|2711M 4212k 1278M  142M
13-06 16:20:27|  8   4  81   6   0   0|2709M 4212k 1291M  130M
13-06 16:20:29|  8   4  81   7   0   0|2712M 4168k 1284M  134M
13-06 16:20:31|  8   4  82   6   0   0|2715M 4148k 1278M  137M
13-06 16:20:33|  9   4  82   5   0   0|2725M 4124k 1272M  134M
13-06 16:20:35|  8   4  82   6   0   0|2725M 4128k 1264M  142M
13-06 16:20:37|  8   4  82   6   0   0|2724M 4124k 1269M  137M
13-06 16:20:39|  8   4  82   6   0   0|2731M 4124k 1278M  121M
13-06 16:20:41|  8   4  83   5   0   0|2731M 4132k 1259M  140M
13-06 16:20:43|  8   4  82   6   0   0|2731M 4120k 1274M  125M
13-06 16:20:45|  7   4  82   7   0   0|2730M 4124k 1276M  125M
13-06 16:20:47|  8   4  83   5   0   0|2728M 4140k 1268M  134M
13-06 16:20:49|  8   4  83   5   0   0|2728M 4128k 1267M  136M
13-06 16:20:51|  8   4  83   5   0   0|2728M 4124k 1269M  134M
13-06 16:20:53|  8   4  82   5   0   0|2727M 4128k 1274M  129M
13-06 16:20:55|  8   4  82   5   0   0|2729M 4128k 1263M  138M
13-06 16:20:57|  8   4  82   5   0   0|2727M 4100k 1270M  133M
13-06 16:20:59|  8   4  82   5   0   0|2729M 4096k 1261M  140M
13-06 16:21:01|  8   4  82   6   0   0|2732M 4084k 1272M  127M
13-06 16:21:03|  8   4  82   6   0   0|2733M 4072k 1254M  144M
13-06 16:21:05|  8   4  83   5   0   0|2730M 4080k 1267M  134M
13-06 16:21:07|  8   4  83   5   0   0|2732M 4076k 1261M  138M
13-06 16:21:09|  8   4  82   5   0   0|2730M 4092k 1268M  133M
13-06 16:21:11|  8   4  83   5   0   0|2730M 4108k 1265M  135M
13-06 16:21:13|  8   4  81   6   0   0|2729M 4104k 1269M  133M
13-06 16:21:15|  8   4  82   5   0   0|2734M 4108k 1253M  144M
13-06 16:21:17|  7   4  83   6   0   0|2733M 4120k 1268M  130M
13-06 16:21:19|  8   4  83   5   0   0|2733M 4128k 1262M  135M
13-06 16:21:21|  8   4  82   5   0   0|2733M 4128k 1260M  137M
13-06 16:21:23|  8   4  83   5   0   0|2732M 4144k 1260M  138M
13-06 16:21:25|  8   4  83   5   0   0|2732M 4144k 1255M  143M
13-06 16:21:27|  8   4  82   6   0   0|2734M 4140k 1259M  137M
13-06 16:21:29|  8   4  81   7   0   0|2732M 4152k 1256M  142M
13-06 16:21:31|  8   4  81   6   0   0|2733M 4140k 1266M  132M
13-06 16:21:33|  7   4  81   8   0   0|2731M 4136k 1261M  138M
13-06 16:21:35|  8   4  81   7   0   0|2731M 4136k 1259M  140M
13-06 16:21:37|  8   4  81   7   0   0|2731M 4136k 1265M  134M
13-06 16:21:39|  8   4  81   7   0   0|2733M 4152k 1261M  137M
13-06 16:21:41|  8   4  82   7   0   0|2732M 4156k 1264M  134M
13-06 16:21:43|  8   4  81   7   0   0|2731M 4148k 1266M  133M
13-06 16:21:45|  8   4  81   7   0   0|2732M 4156k 1251M  147M
13-06 16:21:47|  7   4  80   9   0   0|2733M 4172k 1269M  129M
13-06 16:21:49|  8   4  81   6   0   0|2731M 4172k 1270M  130M
13-06 16:21:51|  8   4  82   6   0   0|2733M 4168k 1261M  136M
13-06 16:21:53|  8   4  82   5   0   0|2734M 4168k 1257M  140M
13-06 16:21:55|  8   4  83   5   0   0|2737M 4160k 1250M  143M
13-06 16:21:57|  8   4  83   5   0   0|2735M 4148k 1256M  140M
13-06 16:21:59|  8   4  82   6   0   0|2741M 4172k 1263M  126M
13-06 16:22:01|  8   4  82   6   0   0|2742M 4168k 1253M  136M
13-06 16:22:03|  8   4  83   5   0   0|2741M 4156k 1261M  129M
13-06 16:22:05|  8   4  83   5   0   0|2738M 4164k 1263M  129M
13-06 16:22:07|  8   4  82   5   0   0|2736M 4164k 1256M  138M
13-06 16:22:09|  7   4  82   6   0   0|2736M 4172k 1260M  134M
13-06 16:22:11|  8   4  83   5   0   0|2736M 4176k 1253M  141M
13-06 16:22:13|  8   4  83   5   0   0|2737M 4168k 1257M  137M
13-06 16:22:15|  8   4  83   6   0   0|2737M 4168k 1284M  110M
13-06 16:22:17|  8   4  83   5   0   0|2737M 4160k 1255M  138M
13-06 16:22:19|  8   4  83   5   0   0|2738M 4164k 1262M  130M
13-06 16:22:21|  8   4  82   5   0   0|2741M 4140k 1244M  145M
13-06 16:22:23|  8   4  83   5   0   0|2742M 4144k 1264M  124M
13-06 16:22:25|  8   4  83   5   0   0|2739M 4136k 1271M  120M
13-06 16:22:27|  8   4  83   5   0   0|2737M 4124k 1258M  136M
13-06 16:22:29|  8   4  83   5   0   0|2739M 4136k 1263M  129M
13-06 16:22:31|  8   4  82   5   0   0|2746M 4132k 1244M  141M
13-06 16:22:33|  8   4  83   5   0   0|2748M 4132k 1248M  135M
13-06 16:22:35|  7   4  81   7   0   0|2745M 4144k 1252M  133M
13-06 16:22:37|  8   4  81   7   0   0|2746M 4144k 1256M  128M
13-06 16:22:39|  8   4  81   7   0   0|2745M 4152k 1251M  133M
13-06 16:22:41|  8   4  82   5   0   0|2750M 4152k 1260M  121M
13-06 16:22:43|  8   4  83   5   0   0|2750M 4148k 1246M  135M
13-06 16:22:45|  8   4  81   7   0   0|2748M 4156k 1247M  136M
13-06 16:22:47|  8   4  82   5   0   0|2748M 4160k 1243M  140M
13-06 16:22:49|  8   4  82   5   0   0|2748M 4160k 1249M  133M
13-06 16:22:51|  8   4  82   5   0   0|2746M 4144k 1250M  134M
13-06 16:22:53|  8   4  83   5   0   0|2746M 4132k 1244M  140M
13-06 16:22:55|  8   4  83   6   0   0|2745M 4132k 1253M  132M
13-06 16:22:57|  8   4  82   6   0   0|2749M 4140k 1252M  129M
13-06 16:22:59|  7   4  81   8   0   0|2749M 4160k 1250M  131M
13-06 16:23:01|  8   4  82   6   0   0|2750M 4148k 1252M  129M
13-06 16:23:03|  8   4  82   5   0   0|2749M 4136k 1240M  141M
13-06 16:23:05|  8   4  82   6   0   0|2748M 4132k 1256M  126M
13-06 16:23:07|  8   4  82   6   0   0|2752M 4140k 1238M  141M
13-06 16:23:09|  8   4  81   7   0   0|2752M 4136k 1256M  123M
13-06 16:23:11|  8   4  82   7   0   0|2754M 4136k 1243M  134M
13-06 16:23:13|  8   4  81   7   0   0|2751M 4124k 1253M  127M
13-06 16:23:15|  8   4  81   7   0   0|2749M 4132k 1239M  142M
13-06 16:23:17|  8   4  81   7   0   0|2749M 4140k 1255M  126M
13-06 16:23:19|  8   4  81   7   0   0|2752M 4132k 1237M  142M
13-06 16:23:21|  8   4  82   6   0   0|2751M 4132k 1241M  138M
13-06 16:23:23|  7   4  83   6   0   0|2754M 4144k 1236M  141M
13-06 16:23:25|  8   4  83   5   0   0|2754M 4128k 1241M  136M
13-06 16:23:27|  8   4  82   5   0   0|2756M 4136k 1244M  130M
13-06 16:23:29|  8   4  82   6   0   0|2755M 4128k 1247M  128M
13-06 16:23:31|  8   4  83   5   0   0|2752M 4128k 1249M  129M
13-06 16:23:33|  8   4  82   5   0   0|2757M 4912k 1237M  135M
13-06 16:23:35|  8   4  83   5   0   0|2762M 4900k 1232M  136M
13-06 16:23:37|  8   4  82   6   0   0|2762M 4364k 1232M  136M
13-06 16:23:39|  8   4  83   5   0   0|2761M 4344k 1244M  126M
13-06 16:23:41|  8   4  83   5   0   0|2761M 4328k 1233M  137M
13-06 16:23:43|  8   4  82   6   0   0|2759M 4316k 1243M  129M
13-06 16:23:45|  8   4  82   6   0   0|2758M 4304k 1243M  129M
13-06 16:23:47|  8   4  81   7   0   0|2756M 4304k 1251M  123M
13-06 16:23:49|  7   3  81   8   0   0|2756M 4272k 1247M  127M
13-06 16:23:51|  8   4  81   6   0   0|2756M 4264k 1234M  140M
13-06 16:23:53|  8   4  81   7   0   0|2755M 4244k 1245M  130M
13-06 16:23:55|  8   4  81   7   0   0|2755M 4228k 1232M  143M
13-06 16:23:57|  8   4  81   7   0   0|2756M 4232k 1243M  131M
13-06 16:23:59|  8   4  81   7   0   0|2756M 4232k 1240M  134M
13-06 16:24:01|  8   4  82   6   0   0|2764M 4180k 1226M  140M
13-06 16:24:03|  8   4  82   6   0   0|2769M 4148k 1222M  140M
13-06 16:24:05|  8   4  82   6   0   0|2769M 4116k 1230M  132M
13-06 16:24:07|  8   4  82   6   0   0|2770M 4120k 1230M  131M
13-06 16:24:09|  8   4  82   6   0   0|2767M 4128k 1224M  140M
13-06 16:24:11|  8   4  82   6   0   0|2768M 4132k 1226M  136M
13-06 16:24:13|  8   4  82   6   0   0|2764M 4380k 1228M  138M
13-06 16:24:15|  7   4  82   7   0   0|2764M 4400k 1236M  131M
13-06 16:24:17|  8   4  82   5   0   0|2763M 4172k 1225M  142M
13-06 16:24:19|  8   4  82   6   0   0|2765M 4288k 1237M  129M
13-06 16:24:21|  8   4  81   7   0   0|2766M 4296k 1229M  135M
13-06 16:24:23|  8   4  81   7   0   0|2765M 4256k 1234M  131M
13-06 16:24:25|  8   4  81   7   0   0|2764M 4248k 1242M  125M
13-06 16:24:27|  8   4  81   6   0   0|2764M 4224k 1231M  136M
13-06 16:24:29|  8   4  81   7   0   0|2763M 4232k 1235M  132M
13-06 16:24:31|  8   4  81   7   0   0|2763M 4212k 1229M  138M
13-06 16:24:33|  8   4  81   7   0   0|2763M 4152k 1233M  135M
13-06 16:24:35|  8   4  81   7   0   0|2763M 4160k 1236M  131M
13-06 16:24:37|  8   4  83   5   0   0|2768M 4160k 1224M  138M
13-06 16:24:39|  8   4  82   5   0   0|2767M 4156k 1226M  137M
13-06 16:24:41|  8   4  82   6   0   0|2768M 4156k 1226M  136M
13-06 16:24:43|  8   4  81   7   0   0|2765M 4140k 1234M  132M
13-06 16:24:45|  8   4  81   7   0   0|2765M 4100k 1229M  136M
13-06 16:24:47|  8   4  82   6   0   0|2768M 4100k 1247M  116M
13-06 16:24:49|  8   4  82   6   0   0|2765M 4072k 1236M  129M
13-06 16:24:51|  8   4  82   5   0   0|2766M 4072k 1222M  142M
13-06 16:24:53|  7   4  82   7   0   0|2768M 4092k 1223M  140M
13-06 16:24:55|  8   4  83   5   0   0|2765M 4080k 1230M  135M
13-06 16:24:57|  8   4  82   6   0   0|2767M 4080k 1221M  143M
13-06 16:24:59|  8   4  81   7   0   0|2770M 4236k 1223M  136M
13-06 16:25:01|  8   4  81   7   0   0|2768M 4220k 1219M  143M
13-06 16:25:03|  9   5  80   6   0   0|2764M 9340k 1236M  125M
13-06 16:25:05|  8   4  83   5   0   0|2766M 9332k 1221M  139M
13-06 16:25:07|  8   4  83   5   0   0|2765M 4756k 1239M  126M
13-06 16:25:09|  8   4  82   5   0   0|2766M 4740k 1225M  139M
13-06 16:25:11|  8   4  83   5   0   0|2766M 4744k 1229M  135M
13-06 16:25:13|  8   4  83   5   0   0|2762M 4956k 1232M  136M
13-06 16:25:15|  8   4  82   5   0   0|2760M 4948k 1241M  128M
13-06 16:25:17|  8   4  82   5   0   0|2766M 4748k 1229M  135M
13-06 16:25:19|  7   4  82   7   0   0|2765M 5012k 1245M  120M
13-06 16:25:21|  8   4  83   5   0   0|2766M 4968k 1222M  142M
13-06 16:25:23|  8   4  82   6   0   0|2773M 4788k 1215M  142M
13-06 16:25:25|  8   4  83   5   0   0|2770M 4752k 1234M  126M
13-06 16:25:27|  8   4  83   5   0   0|2771M 4728k 1223M  135M
13-06 16:25:29|  8   4  82   6   0   0|2770M 4260k 1225M  135M
13-06 16:25:31|  8   4  81   7   0   0|2770M 4152k 1237M  123M
13-06 16:25:33|  8   4  81   7   0   0|2770M 4152k 1227M  133M
13-06 16:25:35|  8   4  81   7   0   0|2770M 4108k 1229M  132M
13-06 16:25:37|  8   4  81   7   0   0|2770M 4064k 1220M  140M
13-06 16:25:39|  8   4  82   6   0   0|2770M 4072k 1229M  131M
13-06 16:25:41|  8   4  83   5   0   0|2770M 4088k 1221M  140M
13-06 16:25:43|  8   4  82   6   0   0|2769M 4080k 1226M  135M
13-06 16:25:45|  8   4  83   5   0   0|2767M 4056k 1222M  141M
13-06 16:25:47|  8   4  83   5   0   0|2768M 4032k 1234M  128M
13-06 16:25:49|  8   4  82   6   0   0|2768M 4040k 1225M  137M
13-06 16:25:51|  8   4  82   6   0   0|2772M 4012k 1226M  133M
13-06 16:25:53|  8   4  82   6   0   0|2783M 4012k 1208M  140M
13-06 16:25:55|  8   4  83   5   0   0|2782M 4008k 1211M  138M
13-06 16:25:57|  8   4  82   6   0   0|2781M 4004k 1217M  132M
13-06 16:25:59|  8   4  82   6   0   0|2773M 4020k 1215M  142M
13-06 16:26:01|  8   4  82   6   0   0|2770M 4144k 1227M  134M
13-06 16:26:03|  8   4  81   7   0   0|2770M 4148k 1236M  125M
13-06 16:26:05|  8   4  81   7   0   0|2770M 4024k 1219M  141M
13-06 16:26:07|  8   4  81   7   0   0|2769M 4012k 1228M  133M
13-06 16:26:09|  7   4  81   9   0   0|2769M 4020k 1241M  121M
13-06 16:26:11|  8   4  82   7   0   0|2768M 4016k 1224M  138M
13-06 16:26:13|  8   4  82   6   0   0|2771M 4020k 1218M  141M
13-06 16:26:15|  8   4  82   6   0   0|2771M 4020k 1223M  136M
13-06 16:26:17|  8   4  83   5   0   0|2772M 4024k 1222M  137M
13-06 16:26:19|  8   4  82   6   0   0|2775M 4028k 1222M  133M
13-06 16:26:21|  8   4  81   7   0   0|2775M 4016k 1213M  143M
13-06 16:26:23|  8   4  81   7   0   0|2773M 4020k 1219M  138M
13-06 16:26:25|  8   4  81   7   0   0|2774M 4016k 1229M  128M
13-06 16:26:27|  8   4  82   6   0   0|2773M 4016k 1221M  136M
13-06 16:26:29|  8   4  82   6   0   0|2773M 4160k 1217M  140M
13-06 16:26:31|  8   4  83   5   0   0|2773M 4152k 1225M  132M
13-06 16:26:33|  8   4  81   7   0   0|2775M 4048k 1219M  136M
13-06 16:26:35|  7   3  81   8   0   0|2775M 4052k 1218M  137M
13-06 16:26:37|  8   4  82   6   0   0|2767M 4196k 1222M  141M
13-06 16:26:39|  8   4  83   5   0   0|2766M 4192k 1235M  129M
13-06 16:26:41|  8   4  83   5   0   0|2766M 4092k 1229M  135M
13-06 16:26:43|  8   4  83   5   0   0|2765M 4072k 1229M  137M
13-06 16:26:45|  8   4  83   5   0   0|2765M 4072k 1236M  130M
13-06 16:26:47|  8   4  83   5   0   0|2768M 4076k 1220M  142M
13-06 16:26:49|  8   4  83   5   0   0|2768M 4072k 1233M  130M
13-06 16:26:51|  8   4  82   6   0   0|2770M 4068k 1226M  135M
13-06 16:26:53|  8   4  81   7   0   0|2770M 4072k 1227M  133M
13-06 16:26:55|  8   4  81   7   0   0|2770M 4076k 1217M  144M
13-06 16:26:57|  8   4  81   7   0   0|2769M 4068k 1221M  140M
13-06 16:26:59|  7   4  81   8   0   0|2769M 4084k 1226M  136M
13-06 16:27:01|  8   4  82   5   0   0|2768M 4064k 1224M  138M
13-06 16:27:03|  8   4  82   6   0   0|2769M 4040k 1226M  135M
13-06 16:27:05|  8   4  82   5   0   0|2768M 4032k 1219M  143M
13-06 16:27:07|  8   4  83   5   0   0|2767M 4032k 1223M  140M
13-06 16:27:09|  8   4  83   5   0   0|2768M 4028k 1222M  140M
13-06 16:27:11|  8   4  83   5   0   0|2766M 4024k 1233M  131M
13-06 16:27:13|  8   4  83   5   0   0|2766M 4020k 1230M  135M
13-06 16:27:15|  8   4  82   6   0   0|2775M 4028k 1221M  135M
13-06 16:27:17|  8   4  81   7   0   0|2774M 4040k 1223M  134M
13-06 16:27:19|  8   4  81   7   0   0|2774M 4036k 1230M  126M
13-06 16:27:21|  8   4  82   5   0   0|2774M 4040k 1219M  138M
13-06 16:27:23|  7   4  82   7   0   0|2774M 4040k 1218M  138M
13-06 16:27:25|  8   4  83   5   0   0|2772M 4040k 1225M  133M
13-06 16:27:27|  8   4  82   6   0   0|2776M 4044k 1224M  131M
13-06 16:27:29|  8   4  83   6   0   0|2775M 4024k 1217M  139M
13-06 16:27:31|  8   4  83   5   0   0|2774M 4024k 1220M  136M
13-06 16:27:33|  8   4  83   5   0   0|2774M 4008k 1219M  138M
13-06 16:27:35|  8   4  82   5   0   0|2774M 4008k 1212M  145M
13-06 16:27:37|  8   4  82   6   0   0|2773M 4016k 1224M  133M
13-06 16:27:39|  8   4  82   6   0   0|2775M 4004k 1215M  140M
13-06 16:27:41|  8   4  83   5   0   0|2774M 4020k 1217M  139M
13-06 16:27:43|  8   4  83   5   0   0|2776M 4004k 1217M  138M
13-06 16:27:45|  8   4  82   6   0   0|2777M 4016k 1230M  123M
13-06 16:27:47|  8   4  82   6   0   0|2776M 4024k 1220M  134M
13-06 16:27:49|  7   4  82   7   0   0|2778M 4028k 1212M  141M
13-06 16:27:51|  8   4  83   5   0   0|2777M 4024k 1225M  128M
13-06 16:27:53|  8   4  82   6   0   0|2776M 4012k 1212M  143M
13-06 16:27:55|  8   4  82   5   0   0|2776M 4012k 1219M  136M
13-06 16:27:57|  8   4  82   6   0   0|2775M 4004k 1219M  137M
13-06 16:27:59|  8   4  82   5   0   0|2778M 4012k 1213M  140M
13-06 16:28:01|  8   4  82   6   0   0|2778M 4020k 1215M  137M
13-06 16:28:03|  9   5  79   7   0   0|2773M 5652k 1249M  107M
13-06 16:28:05|  8   4  81   7   0   0|2775M 5632k 1223M  131M
13-06 16:28:07|  8   4  81   7   0   0|2774M 4156k 1217M  139M
13-06 16:28:09|  9   4  81   7   0   0|2773M 4168k 1227M  131M
13-06 16:28:11|  8   4  81   7   0   0|2771M 4168k 1218M  142M
13-06 16:28:13|  8   4  81   7   0   0|2771M 4156k 1232M  127M
13-06 16:28:15|  7   4  82   8   0   0|2771M 4152k 1235M  125M
13-06 16:28:17|  8   4  82   6   0   0|2773M 4132k 1225M  132M
13-06 16:28:19|  7   4  82   6   0   0|2774M 4120k 1216M  140M
13-06 16:28:21|  8   4  83   5   0   0|2774M 4116k 1225M  132M
13-06 16:28:23|  8   4  83   5   0   0|2772M 4096k 1222M  136M
13-06 16:28:25|  8   4  82   5   0   0|2772M 4088k 1228M  131M
13-06 16:28:27|  8   4  83   5   0   0|2773M 4100k 1223M  134M
13-06 16:28:29|  8   4  83   6   0   0|2771M 4040k 1242M  118M
13-06 16:28:31|  8   4  81   7   0   0|2773M 4020k 1225M  133M
13-06 16:28:33|  8   4  81   7   0   0|2772M 3980k 1218M  141M
13-06 16:28:35|  7   3  81   8   0   0|2771M 3992k 1236M  124M
13-06 16:28:37|  8   4  82   6   0   0|2774M 3996k 1218M  138M
13-06 16:28:39|  8   4  82   6   0   0|2773M 4008k 1238M  119M
13-06 16:28:41|  8   4  82   6   0   0|2778M 4016k 1225M  128M
13-06 16:28:43|  7   4  82   6   0   0|2766M 4016k 1219M  146M
13-06 16:28:45|  8   4  82   6   0   0|2769M 4004k 1227M  134M
13-06 16:28:47|  8   4  83   5   0   0|2769M 4004k 1222M  139M
13-06 16:28:49|  8   4  82   5   0   0|2771M 4008k 1225M  135M
13-06 16:28:51|  8   4  83   5   0   0|2771M 4020k 1219M  141M
13-06 16:28:53|  8   4  83   5   0   0|2769M 4028k 1231M  130M
13-06 16:28:55|  7   4  82   7   0   0|2770M 4024k 1227M  134M
13-06 16:28:57|  8   4  83   5   0   0|2770M 4040k 1230M  130M
13-06 16:28:59|  8   4  82   6   0   0|2769M 4024k 1216M  146M
13-06 16:29:01|  8   4  82   6   0   0|2770M 4008k 1223M  137M
13-06 16:29:03|  8   4  81   7   0   0|2770M 4012k 1224M  136M
13-06 16:29:05|  8   4  81   7   0   0|2770M 4000k 1229M  132M
13-06 16:29:07|  8   4  81   7   0   0|2768M 3992k 1221M  141M
13-06 16:29:09|  8   4  81   7   0   0|2774M 3996k 1220M  136M
13-06 16:29:11|  8   4  81   7   0   0|2774M 3992k 1212M  144M
13-06 16:29:13|  8   4  81   7   0   0|2773M 3996k 1221M  137M
13-06 16:29:15|  8   4  81   7   0   0|2773M 4012k 1228M  130M
13-06 16:29:17|  8   4  81   7   0   0|2772M 4008k 1221M  137M
13-06 16:29:19|  7   4  80   8   0   0|2774M 4016k 1222M  135M
13-06 16:29:21|  8   4  81   7   0   0|2774M 4032k 1221M  135M
13-06 16:29:23|  8   4  81   7   0   0|2774M 4036k 1223M  134M
13-06 16:29:25|  8   4  81   7   0   0|2773M 4032k 1221M  137M
13-06 16:29:27|  8   4  81   7   0   0|2774M 4048k 1226M  131M
13-06 16:29:29|  8   4  81   7   0   0|2773M 4048k 1220M  137M
13-06 16:29:31|  8   4  83   5   0   0|2773M 4056k 1225M  133M
13-06 16:29:33|  8   4  83   5   0   0|2774M 4048k 1215M  142M
13-06 16:29:35|  8   4  82   5   0   0|2773M 4056k 1223M  135M
13-06 16:29:37|  8   4  82   6   0   0|2773M 4036k 1220M  138M
13-06 16:29:39|  8   4  83   6   0   0|2772M 4044k 1229M  129M
13-06 16:29:41|  8   4  82   5   0   0|2774M 4044k 1226M  131M
13-06 16:29:43|  8   4  82   6   0   0|2776M 4044k 1219M  136M
13-06 16:29:45|  7   4  82   7   0   0|2775M 4064k 1235M  120M
13-06 16:29:47|  8   4  82   6   0   0|2779M 4476k 1209M  143M
13-06 16:29:49|  8   4  81   7   0   0|2776M 4464k 1215M  138M
13-06 16:29:51|  8   4  82   6   0   0|2778M 4120k 1211M  141M
13-06 16:29:53|  8   4  83   5   0   0|2769M 4104k 1225M  137M
13-06 16:29:55|  8   4  83   5   0   0|2770M 4100k 1227M  133M
13-06 16:29:57|  8   4  81   7   0   0|2769M 4100k 1231M  130M
13-06 16:29:59|  8   4  82   6   0   0|2779M 4088k 1232M  120M
13-06 16:30:01|  8   4  81   6   0   0|2780M 4076k 1212M  139M
13-06 16:30:03|  8   4  80   7   0   0|2778M 4532k 1222M  130M
13-06 16:30:05|  8   4  81   7   0   0|2780M 4524k 1209M  141M
13-06 16:30:07|  8   4  81   7   0   0|2778M 4120k 1216M  136M
13-06 16:30:09|  8   4  81   7   0   0|2778M 4136k 1216M  137M
13-06 16:30:11|  7   3  81   9   0   0|2779M 4132k 1217M  134M
13-06 16:30:13|  8   4  81   7   0   0|2779M 4120k 1219M  132M
13-06 16:30:15|  8   4  81   8   0   0|2779M 4120k 1209M  142M
13-06 16:30:17|  8   4  81   7   0   0|2781M 6736k 1213M  134M
13-06 16:30:19|  8   4  80   8   0   0|2788M 10.1M 1191M  145M
13-06 16:30:21|  9   4  81   6   0   0|2789M 7844k 1200M  137M
13-06 16:30:23|  8   4  82   6   0   0|2791M 5116k 1204M  135M
13-06 16:30:25|  8   4  82   6   0   0|2793M 5224k 1205M  131M
13-06 16:30:27|  8   4  82   6   0   0|2794M 6688k 1195M  138M
13-06 16:30:29|  8   4  81   7   0   0|2796M 6376k 1202M  131M
13-06 16:30:31|  8   4  81   7   0   0|2793M 5064k 1193M  143M
13-06 16:30:33|  9   4  80   7   0   0|2793M 5020k 1196M  140M
13-06 16:30:35|  8   4  80   8   0   0|2794M 5400k 1202M  133M
13-06 16:30:37|  7   4  81   8   0   0|2793M 5396k 1199M  138M
13-06 16:30:39|  8   4  81   7   0   0|2791M 5028k 1198M  141M
13-06 16:30:41|  7   4  82   6   0   0|2790M 5028k 1207M  132M
13-06 16:30:43|  8   4  82   5   0   0|2790M 4852k 1203M  137M
13-06 16:30:45|  8   4  81   7   0   0|2790M 5168k 1201M  138M
13-06 16:30:47|  8   4  81   7   0   0|2788M 5104k 1208M  133M
13-06 16:30:49|  8   4  81   7   0   0|2787M 4476k 1204M  139M
13-06 16:30:51|  8   4  81   7   0   0|2788M 4960k 1211M  130M
13-06 16:30:53|  8   4  81   7   0   0|2791M 4816k 1197M  142M
13-06 16:30:55|  8   4  81   7   0   0|2790M 4988k 1201M  138M
13-06 16:30:57|  8   4  81   7   0   0|2789M 4720k 1210M  131M
13-06 16:30:59|  8   4  81   7   0   0|2790M 4464k 1206M  135M
13-06 16:31:01|  7   3  81   8   0   0|2790M 4444k 1207M  133M
13-06 16:31:03|  8   4  82   6   0   0|2796M 4768k 1209M  125M
13-06 16:31:05|  8   4  83   5   0   0|2793M 4740k 1199M  138M
13-06 16:31:07|  7   4  82   6   0   0|2793M 4560k 1202M  135M
13-06 16:31:09|  8   4  82   5   0   0|2792M 4568k 1218M  119M
13-06 16:31:11|  8   4  83   5   0   0|2788M 4636k 1210M  131M
13-06 16:31:13|  8   4  82   5   0   0|2789M 4632k 1206M  135M
13-06 16:31:15|  8   4  82   6   0   0|2796M 4468k 1202M  132M
13-06 16:31:17|  8   4  82   6   0   0|2800M 4304k 1195M  136M
13-06 16:31:19|  8   4  82   6   0   0|2800M 4304k 1193M  137M
13-06 16:31:21|  8   4  82   5   0   0|2799M 4256k 1216M  115M
13-06 16:31:23|  8   4  82   5   0   0|2799M 4252k 1200M  131M
13-06 16:31:25|  7   4  82   7   0   0|2800M 4252k 1189M  141M
13-06 16:31:27|  7   4  83   5   0   0|2796M 4896k 1194M  140M
13-06 16:31:29|  8   4  83   5   0   0|2796M 4856k 1200M  134M
13-06 16:31:31|  8   4  83   6   0   0|2795M 4848k 1203M  132M
13-06 16:31:33|  8   4  83   5   0   0|2796M 4288k 1202M  132M
13-06 16:31:35|  8   4  83   5   0   0|2795M 4276k 1189M  147M
13-06 16:31:37|  8   4  83   5   0   0|2794M 4260k 1201M  136M
13-06 16:31:39|  8   4  82   5   0   0|2794M 4232k 1192M  144M
13-06 16:31:41|  8   4  83   5   0   0|2793M 4216k 1205M  132M
13-06 16:31:43|  8   4  83   5   0   0|2795M 4196k 1192M  143M
13-06 16:31:45|  8   4  82   6   0   0|2795M 4200k 1199M  137M
13-06 16:31:47|  8   4  82   5   0   0|2795M 4204k 1195M  140M
13-06 16:31:49|  8   4  82   5   0   0|2794M 4212k 1199M  137M
13-06 16:31:51|  7   4  82   7   0   0|2793M 4220k 1202M  135M
13-06 16:31:53|  8   4  82   5   0   0|2795M 4212k 1203M  132M
13-06 16:31:55|  8   4  82   6   0   0|2799M 4148k 1196M  135M
13-06 16:31:57|  8   4  82   5   0   0|2797M 4276k 1201M  132M
13-06 16:31:59|  8   4  82   6   0   0|2795M 4236k 1205M  130M
13-06 16:32:01|  8   4  81   7   0   0|2794M 4144k 1197M  139M
13-06 16:32:03|  8   4  81   7   0   0|2796M 4144k 1203M  131M
13-06 16:32:05|  8   4  81   7   0   0|2794M 4136k 1201M  135M
13-06 16:32:07|  8   4  81   7   0   0|2793M 4136k 1202M  135M
13-06 16:32:09|  8   4  81   7   0   0|2792M 4136k 1200M  139M
13-06 16:32:11|  8   4  82   6   0   0|2793M 4136k 1204M  134M
13-06 16:32:13|  8   4  82   6   0   0|2799M 4128k 1202M  129M
13-06 16:32:15|  7   4  82   7   0   0|2799M 4132k 1206M  126M
13-06 16:32:17|  8   4  83   5   0   0|2799M 4112k 1191M  141M
13-06 16:32:19|  8   4  83   6   0   0|2799M 4116k 1186M  146M
13-06 16:32:21|  8   4  83   5   0   0|2800M 4164k 1195M  135M
13-06 16:32:23|  8   4  83   5   0   0|2800M 4160k 1187M  144M
13-06 16:32:25|  8   4  82   5   0   0|2801M 4152k 1192M  138M
13-06 16:32:27|  8   4  83   5   0   0|2799M 4132k 1202M  130M
13-06 16:32:29|  8   4  82   6   0   0|2802M 4124k 1184M  145M
13-06 16:32:31|  8   4  82   5   0   0|2802M 4124k 1196M  132M
13-06 16:32:33|  8   4  81   7   0   0|2798M 4132k 1196M  137M
13-06 16:32:35|  8   4  81   7   0   0|2797M 4132k 1199M  135M
13-06 16:32:37|  8   4  81   7   0   0|2798M 4140k 1192M  141M
13-06 16:32:39|  7   3  81   8   0   0|2797M 4152k 1218M  116M
13-06 16:32:41|  8   4  82   6   0   0|2796M 4136k 1206M  128M
13-06 16:32:43|  8   4  82   6   0   0|2801M 4144k 1197M  133M
13-06 16:32:45|  8   4  83   6   0   0|2799M 4144k 1187M  144M
13-06 16:32:47|  8   4  83   5   0   0|2799M 4124k 1190M  141M
13-06 16:32:49|  8   4  83   5   0   0|2797M 4116k 1192M  141M
13-06 16:32:51|  8   4  83   5   0   0|2797M 4092k 1198M  136M
13-06 16:32:53|  8   4  82   6   0   0|2799M 4084k 1199M  133M
13-06 16:32:55|  8   4  82   6   0   0|2803M 4088k 1182M  146M
13-06 16:32:57|  8   4  82   6   0   0|2803M 4092k 1200M  128M
13-06 16:32:59|  8   4  82   6   0   0|2805M 4096k 1197M  128M
13-06 16:33:01|  8   4  81   7   0   0|2802M 4108k 1190M  138M
13-06 16:33:03|  7   4  80   9   0   0|2802M 4120k 1190M  138M
13-06 16:33:05|  8   4  81   7   0   0|2802M 4116k 1189M  140M
13-06 16:33:07|  8   4  82   5   0   0|2800M 4124k 1196M  134M
13-06 16:33:09|  8   4  82   6   0   0|2801M 4128k 1184M  146M
13-06 16:33:11|  8   4  83   6   0   0|2799M 4124k 1190M  141M
13-06 16:33:13|  8   4  82   6   0   0|2803M 4128k 1188M  139M
13-06 16:33:15|  8   4  82   6   0   0|2803M 4120k 1188M  139M
13-06 16:33:17|  8   4  82   6   0   0|2804M 4116k 1192M  135M
13-06 16:33:19|  8   4  82   6   0   0|2802M 4124k 1205M  123M
13-06 16:33:21|  8   4  83   5   0   0|2802M 4120k 1197M  131M
13-06 16:33:23|  8   4  82   6   0   0|2789M 4116k 1212M  130M
13-06 16:33:25|  8   4  82   6   0   0|2790M 4124k 1206M  134M
13-06 16:33:27|  8   4  82   6   0   0|2792M 4128k 1198M  140M
13-06 16:33:29|  7   4  82   7   0   0|2792M 4140k 1205M  133M
13-06 16:33:31|  8   4  83   5   0   0|2794M 4156k 1195M  142M
13-06 16:33:33|  8   4  82   6   0   0|2792M 4152k 1206M  133M
13-06 16:33:35|  8   4  82   5   0   0|2792M 4148k 1205M  133M
13-06 16:33:37|  8   4  83   5   0   0|2792M 4156k 1211M  128M
13-06 16:33:39|  8   4  83   5   0   0|2791M 4144k 1200M  140M
13-06 16:33:41|  8   4  83   5   0   0|2791M 4140k 1192M  147M
13-06 16:33:43|  8   4  83   5   0   0|2792M 4116k 1201M  137M
13-06 16:33:45|  8   4  83   5   0   0|2794M 4128k 1201M  136M
13-06 16:33:47|  8   4  83   5   0   0|2793M 4116k 1205M  132M
13-06 16:33:49|  8   4  83   5   0   0|2791M 4132k 1199M  140M
13-06 16:33:51|  8   4  82   5   0   0|2790M 4148k 1211M  130M
13-06 16:33:53|  7   4  82   7   0   0|2796M 4152k 1188M  147M
13-06 16:33:55|  8   4  83   5   0   0|2795M 4168k 1196M  140M
13-06 16:33:57|  8   4  83   5   0   0|2795M 4164k 1206M  129M
13-06 16:33:59|  8   4  82   6   0   0|2794M 4172k 1202M  134M
13-06 16:34:01|  8   4  82   6   0   0|2796M 4180k 1203M  131M
13-06 16:34:03|  8   4  81   6   0   0|2810M 5792k 1184M  135M
13-06 16:34:05|  8   4  82   5   0   0|2808M 5764k 1189M  132M
13-06 16:34:07|  8   4  82   6   0   0|2805M 4472k 1191M  133M
13-06 16:34:09|  8   4  82   6   0   0|2809M 4336k 1180M  142M
13-06 16:34:11|  8   4  83   5   0   0|2807M 4276k 1189M  135M
13-06 16:34:13|  7   4  83   6   0   0|2806M 4380k 1189M  135M
13-06 16:34:15|  8   4  83   6   0   0|2805M 4332k 1186M  140M
13-06 16:34:17|  8   4  83   5   0   0|2806M 4244k 1186M  138M
13-06 16:34:19|  8   4  82   6   0   0|2804M 4252k 1191M  136M
13-06 16:34:21|  8   4  81   7   0   0|2805M 4216k 1197M  129M
13-06 16:34:23|  8   4  81   7   0   0|2806M 4172k 1181M  144M
13-06 16:34:25|  8   4  81   7   0   0|2804M 4180k 1187M  139M
13-06 16:34:27|  8   4  81   7   0   0|2805M 4296k 1196M  130M
13-06 16:34:29|  8   4  81   7   0   0|2804M 4252k 1191M  135M
13-06 16:34:31|  8   4  81   7   0   0|2805M 4144k 1186M  139M
13-06 16:34:33|  7   3  80   9   0   0|2807M 4120k 1189M  134M
13-06 16:34:35|  8   4  81   7   0   0|2806M 4036k 1193M  131M
13-06 16:34:37|  8   4  81   7   0   0|2808M 4048k 1201M  122M
13-06 16:34:39|  8   4  81   7   0   0|2810M 4052k 1188M  133M
13-06 16:34:41|  8   4  81   7   0   0|2811M 4200k 1195M  124M
13-06 16:34:43|  8   4  81   7   0   0|2810M 4196k 1176M  144M
13-06 16:34:45|  8   4  81   7   0   0|2809M 4100k 1188M  133M
13-06 16:34:47|  8   4  81   7   0   0|2810M 4068k 1178M  143M
13-06 16:34:49|  8   4  81   7   0   0|2811M 4076k 1181M  139M
13-06 16:34:51|  8   4  81   7   0   0|2811M 4088k 1188M  131M
13-06 16:34:53|  8   4  81   7   0   0|2813M 4084k 1180M  137M
13-06 16:34:55|  8   4  81   7   0   0|2813M 4096k 1185M  132M
13-06 16:34:57|  7   4  81   8   0   0|2813M 4100k 1177M  140M
13-06 16:34:59|  7   4  81   8   0   0|2812M 4096k 1182M  137M
13-06 16:35:01|  8   4  81   7   0   0|2815M 4100k 1185M  131M
13-06 16:35:03|  8   4  81   8   0   0|2813M 4100k 1183M  134M
13-06 16:35:05|  8   4  81   7   0   0|2813M 4100k 1184M  133M
13-06 16:35:07|  8   4  81   7   0   0|2813M 4112k 1178M  139M
13-06 16:35:09|  8   4  81   7   0   0|2814M 4112k 1180M  137M
13-06 16:35:11|  8   4  81   7   0   0|2812M 4104k 1182M  136M
13-06 16:35:13|  8   4  81   7   0   0|2811M 4072k 1179M  140M
13-06 16:35:15|  8   4  81   7   0   0|2813M 4068k 1184M  134M
13-06 16:35:17|  8   4  81   7   0   0|2813M 4060k 1175M  142M
13-06 16:35:19|  8   4  81   7   0   0|2811M 4076k 1197M  122M
13-06 16:35:21|  8   4  82   7   0   0|2810M 4072k 1190M  130M
13-06 16:35:23|  7   4  82   7   0   0|2814M 4076k 1188M  129M
13-06 16:35:25|  8   4  82   6   0   0|2811M 4088k 1181M  138M
13-06 16:35:27|  8   4  82   7   0   0|2821M 4100k 1191M  119M
13-06 16:35:29|  8   4  81   8   0   0|2822M 4104k 1171M  138M
13-06 16:35:31|  8   4  81   7   0   0|2822M 4100k 1169M  140M
13-06 16:35:33|  8   4  81   7   0   0|2820M 4096k 1170M  140M
13-06 16:35:35|  8   4  82   7   0   0|2818M 4104k 1171M  141M
13-06 16:35:37|  8   4  81   7   0   0|2820M 4112k 1184M  127M
13-06 16:35:39|  8   4  81   7   0   0|2818M 4112k 1175M  137M
13-06 16:35:41|  8   4  81   7   0   0|2816M 4116k 1186M  128M
13-06 16:35:43|  7   3  81   8   0   0|2814M 4120k 1187M  130M
13-06 16:35:45|  8   4  81   7   0   0|2814M 4124k 1178M  138M
13-06 16:35:47|  8   4  81   7   0   0|2812M 4100k 1187M  131M
13-06 16:35:49|  8   4  81   7   0   0|2814M 4112k 1176M  140M
13-06 16:35:51|  8   4  81   7   0   0|2812M 4120k 1182M  136M
13-06 16:35:53|  8   4  81   7   0   0|2813M 4112k 1192M  126M
13-06 16:35:55|  8   4  81   7   0   0|2813M 4108k 1183M  135M
13-06 16:35:57|  8   4  81   7   0   0|2812M 4100k 1185M  134M
13-06 16:35:59|  8   4  81   7   0   0|2811M 4104k 1191M  128M
13-06 16:36:01|  7   4  81   8   0   0|2819M 4116k 1170M  141M
13-06 16:36:03|  7   4  82   6   0   0|2817M 4112k 1179M  134M
13-06 16:36:05|  8   4  82   5   0   0|2817M 4112k 1181M  132M
13-06 16:36:07|  8   4  82   6   0   0|2816M 4128k 1175M  139M
13-06 16:36:09|  8   4  83   5   0   0|2815M 4124k 1189M  127M
13-06 16:36:11|  8   4  82   5   0   0|2815M 4120k 1204M  111M
13-06 16:36:13|  8   4  82   6   0   0|2813M 4108k 1201M  116M
13-06 16:36:15|  8   4  82   6   0   0|2818M 4092k 1176M  137M
13-06 16:36:17|  8   4  82   6   0   0|2816M 4096k 1181M  134M
13-06 16:36:19|  8   4  83   5   0   0|2817M 4076k 1171M  142M
13-06 16:36:21|  8   4  83   5   0   0|2813M 4092k 1181M  136M
13-06 16:36:23|  8   4  82   6   0   0|2815M 4084k 1186M  130M
13-06 16:36:25|  8   4  82   6   0   0|2814M 4088k 1181M  135M
13-06 16:36:27|  7   3  82   8   0   0|2824M 4064k 1173M  133M
13-06 16:36:29|  8   4  81   6   0   0|2823M 4040k 1166M  142M
13-06 16:36:31|  8   4  82   6   0   0|2822M 4048k 1184M  125M
13-06 16:36:33|  8   4  83   5   0   0|2823M 4044k 1164M  144M
13-06 16:36:35|  8   4  82   6   0   0|2821M 4044k 1168M  142M
13-06 16:36:37|  8   4  81   7   0   0|2819M 4044k 1183M  128M
13-06 16:36:39|  8   4  81   7   0   0|2818M 4052k 1177M  135M
13-06 16:36:41|  8   4  81   7   0   0|2816M 4052k 1174M  140M
13-06 16:36:43|  8   4  81   7   0   0|2814M 4056k 1174M  143M
13-06 16:36:45|  8   4  81   7   0   0|2816M 4064k 1175M  139M
13-06 16:36:47|  8   4  81   7   0   0|2815M 4068k 1183M  133M
13-06 16:36:49|  8   4  81   8   0   0|2815M 4076k 1175M  141M
13-06 16:36:51|  7   3  80   9   0   0|2814M 4096k 1187M  129M
13-06 16:36:53|  8   4  81   7   0   0|2815M 4076k 1171M  144M
13-06 16:36:55|  8   4  81   7   0   0|2814M 4068k 1181M  136M
13-06 16:36:57|  8   4  81   8   0   0|2813M 4068k 1196M  121M
13-06 16:36:59|  8   4  81   7   0   0|2813M 4076k 1180M  138M
13-06 16:37:01|  8   4  81   7   0   0|2813M 4088k 1182M  136M
13-06 16:37:03|  8   4  81   7   0   0|2813M 4080k 1178M  139M
13-06 16:37:05|  8   4  81   7   0   0|2813M 4080k 1189M  129M
13-06 16:37:07|  8   4  81   7   0   0|2814M 4088k 1184M  132M
13-06 16:37:09|  8   4  81   7   0   0|2814M 4096k 1179M  137M
13-06 16:37:11|  7   4  82   7   0   0|2811M 4104k 1199M  120M
13-06 16:37:13|  8   4  82   6   0   0|2810M 4116k 1188M  132M
13-06 16:37:15|  8   4  82   6   0   0|2818M 4112k 1175M  138M
13-06 16:37:17|  8   4  83   5   0   0|2819M 4092k 1177M  135M
13-06 16:37:19|  8   4  83   5   0   0|2819M 4104k 1180M  132M
13-06 16:37:21|  8   4  82   6   0   0|2818M 4088k 1179M  133M
13-06 16:37:23|  8   4  82   6   0   0|2819M 4080k 1195M  117M
13-06 16:37:25|  8   4  82   6   0   0|2817M 4096k 1177M  136M
13-06 16:37:27|  7   4  83   6   0   0|2818M 4088k 1173M  140M
13-06 16:37:29|  8   4  82   6   0   0|2820M 4076k 1180M  131M
13-06 16:37:31|  8   4  83   5   0   0|2818M 4088k 1174M  138M
13-06 16:37:33|  8   4  82   5   0   0|2816M 4080k 1186M  129M
13-06 16:37:35|  8   4  83   5   0   0|2817M 4076k 1185M  129M
13-06 16:37:37|  8   4  82   5   0   0|2816M 4072k 1174M  141M
13-06 16:37:39|  8   4  82   6   0   0|2816M 4080k 1183M  131M
13-06 16:37:41|  7   3  80   9   0   0|2816M 4084k 1181M  133M
13-06 16:37:43|  8   4  82   6   0   0|2815M 4092k 1181M  134M
13-06 16:37:45|  8   4  83   5   0   0|2814M 4096k 1185M  131M
13-06 16:37:47|  8   4  83   5   0   0|2813M 4096k 1181M  137M
13-06 16:37:49|  8   4  83   5   0   0|2811M 4100k 1186M  133M
13-06 16:37:51|  8   4  82   5   0   0|2813M 4112k 1180M  138M
13-06 16:37:53|  8   4  82   5   0   0|2812M 4104k 1185M  133M
13-06 16:37:55|  8   4  83   5   0   0|2813M 4112k 1178M  139M
13-06 16:37:57|  8   4  83   5   0   0|2813M 4108k 1175M  143M
13-06 16:37:59|  8   4  83   5   0   0|2811M 4100k 1185M  135M
13-06 16:38:01|  7   3  81   7   0   0|2812M 4108k 1183M  135M
13-06 16:38:03|  8   4  83   6   0   0|2820M 4104k 1184M  127M
13-06 16:38:05|  8   4  82   6   0   0|2837M 4104k 1155M  139M
13-06 16:38:07|  7   3  82   8   0   0|2835M 4108k 1161M  134M
13-06 16:38:09|  8   4  82   6   0   0|2834M 4452k 1160M  136M
13-06 16:38:11|  8   4  83   5   0   0|2831M 4440k 1163M  136M
13-06 16:38:13|  8   4  82   5   0   0|2830M 4116k 1174M  127M
13-06 16:38:15|  8   4  83   5   0   0|2832M 4100k 1168M  131M
13-06 16:38:17|  8   4  83   5   0   0|2828M 4096k 1167M  136M
13-06 16:38:19|  8   4  83   5   0   0|2831M 4108k 1166M  134M
13-06 16:38:21|  8   4  82   5   0   0|2830M 4108k 1168M  132M
13-06 16:38:23|  8   4  83   5   0   0|2828M 4096k 1167M  136M
13-06 16:38:25|  8   4  82   6   0   0|2821M 4108k 1174M  136M
13-06 16:38:27|  7   4  82   7   0   0|2820M 4096k 1174M  136M
13-06 16:38:29|  8   4  82   5   0   0|2820M 4208k 1182M  128M
13-06 16:38:31|  8   4  82   6   0   0|2822M 4228k 1168M  140M
13-06 16:38:33|  8   4  83   5   0   0|2821M 4116k 1171M  139M
13-06 16:38:35|  8   4  83   5   0   0|2821M 4104k 1172M  138M
13-06 16:38:37|  8   4  82   6   0   0|2821M 4108k 1177M  133M
13-06 16:38:39|  8   4  82   5   0   0|2816M 4104k 1174M  140M
13-06 16:38:41|  8   4  82   6   0   0|2819M 4100k 1175M  136M
13-06 16:38:43|  8   4  82   6   0   0|2821M 4104k 1194M  115M
13-06 16:38:45|  8   4  83   5   0   0|2820M 4100k 1168M  142M
13-06 16:38:47|  8   4  82   5   0   0|2819M 4100k 1180M  132M
13-06 16:38:49|  8   4  82   6   0   0|2819M 4104k 1176M  136M
13-06 16:38:51|  7   3  82   7   0   0|2820M 4124k 1176M  135M
13-06 16:38:53|  8   4  82   6   0   0|2818M 4120k 1179M  134M
13-06 16:38:55|  8   4  82   6   0   0|2816M 4120k 1176M  138M
13-06 16:38:57|  8   4  82   6   0   0|2816M 4128k 1188M  127M
13-06 16:38:59|  8   4  82   6   0   0|2820M 4124k 1180M  131M
13-06 16:39:01|  8   4  82   6   0   0|2820M 4108k 1175M  136M
13-06 16:39:03|  8   4  83   5   0   0|2818M 4104k 1178M  135M
13-06 16:39:05|  8   4  82   5   0   0|2818M 4080k 1187M  125M
13-06 16:39:07|  8   4  83   5   0   0|2816M 4084k 1174M  140M
13-06 16:39:09|  8   4  83   5   0   0|2817M 4084k 1181M  133M
13-06 16:39:11|  8   4  82   6   0   0|2815M 4088k 1176M  140M
13-06 16:39:13|  8   4  82   6   0   0|2815M 4104k 1186M  129M
13-06 16:39:15|  7   3  82   8   0   0|2815M 4112k 1176M  139M
13-06 16:39:17|  8   4  83   5   0   0|2816M 4112k 1178M  137M
13-06 16:39:19|  8   4  82   5   0   0|2815M 4128k 1180M  135M
13-06 16:39:21|  8   4  81   7   0   0|2814M 4140k 1179M  137M
13-06 16:39:23|  8   4  81   7   0   0|2813M 4124k 1186M  131M
13-06 16:39:25|  8   4  81   7   0   0|2813M 4132k 1180M  138M
13-06 16:39:27|  8   4  81   7   0   0|2814M 4132k 1172M  145M
13-06 16:39:29|  8   4  82   6   0   0|2813M 4132k 1190M  128M
13-06 16:39:31|  8   4  82   6   0   0|2814M 4136k 1178M  139M
13-06 16:39:33|  8   4  82   6   0   0|2818M 4132k 1176M  137M
13-06 16:39:35|  8   4  82   6   0   0|2818M 4132k 1168M  144M
13-06 16:39:37|  8   4  82   6   0   0|2824M 4116k 1176M  131M
13-06 16:39:39|  8   4  82   5   0   0|2822M 4120k 1175M  133M
13-06 16:39:41|  7   4  82   7   0   0|2822M 4140k 1180M  129M
13-06 16:39:43|  8   4  82   6   0   0|2820M 4132k 1172M  138M
13-06 16:39:45|  8   4  82   6   0   0|2818M 4124k 1176M  136M
13-06 16:39:47|  8   4  82   6   0   0|2820M 4112k 1185M  126M
13-06 16:39:49|  8   4  82   6   0   0|2820M 4108k 1174M  137M
13-06 16:39:51|  8   4  83   5   0   0|2820M 4120k 1174M  137M
13-06 16:39:53|  8   4  83   5   0   0|2820M 4116k 1179M  132M
13-06 16:39:55|  9   4  82   5   0   0|2819M 4132k 1157M  154M
13-06 16:39:57|  8   4  82   6   0   0|2820M 4132k 1180M  130M
13-06 16:39:59|  8   4  82   6   0   0|2818M 4136k 1178M  135M
13-06 16:40:01|  8   4  81   7   0   0|2821M 4152k 1174M  136M
13-06 16:40:03|  8   4  80   7   0   0|2815M 4696k 1179M  136M
13-06 16:40:05|  7   4  80   9   0   0|2818M 4680k 1191M  121M
13-06 16:40:07|  8   4  81   7   0   0|2818M 4268k 1174M  138M
13-06 16:40:09|  8   4  81   7   0   0|2818M 4256k 1180M  132M
13-06 16:40:11|  8   4  81   7   0   0|2817M 4240k 1174M  140M
13-06 16:40:13|  8   4  82   6   0   0|2823M 4192k 1167M  141M
13-06 16:40:15|  8   4  83   5   0   0|2823M 4188k 1175M  132M
13-06 16:40:17|  8   4  83   5   0   0|2822M 4152k 1166M  142M
13-06 16:40:19|  8   4  82   5   0   0|2822M 4148k 1163M  145M
13-06 16:40:21|  8   4  83   5   0   0|2821M 4152k 1167M  142M
13-06 16:40:23|  8   4  83   5   0   0|2820M 4140k 1174M  136M
13-06 16:40:25|  8   4  83   5   0   0|2820M 4156k 1180M  131M
13-06 16:40:27|  8   4  82   7   0   0|2819M 4160k 1174M  137M
13-06 16:40:29|  8   4  81   7   0   0|2820M 4128k 1187M  123M
13-06 16:40:31|  7   4  81   8   0   0|2819M 4128k 1178M  134M
13-06 16:40:33|  8   4  82   6   0   0|2821M 4084k 1165M  144M
13-06 16:40:35|  8   4  82   7   0   0|2822M 4088k 1168M  140M
13-06 16:40:37|  8   4  81   7   0   0|2821M 4364k 1173M  136M
13-06 16:40:39|  8   4  81   7   0   0|2820M 4360k 1170M  140M
13-06 16:40:41|  8   4  81   7   0   0|2819M 4160k 1180M  131M
13-06 16:40:43|  8   4  81   7   0   0|2820M 4140k 1187M  124M
13-06 16:40:45|  8   4  81   7   0   0|2820M 4136k 1180M  131M
13-06 16:40:47|  8   4  81   7   0   0|2818M 4124k 1180M  132M
13-06 16:40:49|  8   4  81   7   0   0|2817M 4140k 1174M  139M
13-06 16:40:51|  8   4  81   7   0   0|2819M 4152k 1175M  137M
13-06 16:40:53|  8   4  81   7   0   0|2816M 4148k 1178M  136M
13-06 16:40:55|  7   3  80   9   0   0|2819M 4164k 1170M  141M
13-06 16:40:57|  8   4  81   7   0   0|2816M 4164k 1186M  129M
13-06 16:40:59|  8   4  81   7   0   0|2816M 4160k 1179M  136M
13-06 16:41:01|  8   4  81   7   0   0|2815M 4168k 1174M  142M
13-06 16:41:03|  8   4  81   7   0   0|2812M 4668k 1182M  135M
13-06 16:41:05|  8   4  81   7   0   0|2813M 4680k 1174M  143M
13-06 16:41:07|  8   4  81   7   0   0|2813M 4428k 1182M  135M
13-06 16:41:09|  8   4  81   7   0   0|2811M 4380k 1193M  125M
13-06 16:41:11|  8   4  81   7   0   0|2812M 4380k 1181M  137M
13-06 16:41:13|  8   4  81   7   0   0|2811M 4368k 1182M  137M
13-06 16:41:15|  8   4  81   7   0   0|2814M 4344k 1183M  133M
13-06 16:41:17|  8   4  82   6   0   0|2814M 4480k 1182M  134M
13-06 16:41:19|  8   4  82   7   0   0|2816M 4468k 1186M  128M
13-06 16:41:21|  8   4  83   6   0   0|2814M 4396k 1185M  131M
13-06 16:41:23|  8   4  82   6   0   0|2829M 4380k 1163M  138M
13-06 16:41:25|  8   4  83   6   0   0|2827M 4384k 1184M  120M
13-06 16:41:27|  8   4  82   6   0   0|2826M 4364k 1169M  135M
13-06 16:41:29|  8   4  82   6   0   0|2826M 4300k 1171M  134M
13-06 16:41:31|  8   4  82   6   0   0|2826M 4316k 1166M  138M
13-06 16:41:33|  8   4  83   5   0   0|2826M 4236k 1169M  135M
13-06 16:41:35|  8   4  82   5   0   0|2822M 4236k 1179M  130M
13-06 16:41:37|  8   4  82   5   0   0|2822M 4248k 1168M  140M
13-06 16:41:39|  8   4  83   5   0   0|2823M 4244k 1179M  128M
13-06 16:41:41|  8   4  82   6   0   0|2821M 4236k 1162M  147M
13-06 16:41:43|  8   3  81   8   0   0|2823M 4232k 1196M  111M
13-06 16:41:45|  8   4  82   6   0   0|2823M 4216k 1174M  134M
13-06 16:41:47|  8   4  82   6   0   0|2822M 4212k 1175M  133M
13-06 16:41:49|  8   4  82   6   0   0|2821M 4208k 1177M  132M
13-06 16:41:51|  8   4  83   5   0   0|2822M 4200k 1168M  140M
13-06 16:41:53|  8   4  83   5   0   0|2821M 4176k 1166M  144M
13-06 16:41:55|  8   4  83   6   0   0|2821M 4180k 1196M  114M
13-06 16:41:57|  8   4  82   6   0   0|2821M 4184k 1170M  139M
13-06 16:41:59|  8   4  82   6   0   0|2821M 4140k 1181M  129M
13-06 16:42:01|  8   4  81   6   0   0|2818M 4144k 1168M  144M
13-06 16:42:03|  7   3  81   8   0   0|2819M 4148k 1172M  140M
13-06 16:42:05|  8   4  81   7   0   0|2818M 4140k 1172M  141M
13-06 16:42:07|  8   4  81   7   0   0|2818M 4156k 1180M  132M
13-06 16:42:09|  8   4  81   7   0   0|2817M 4156k 1178M  136M
13-06 16:42:11|  8   4  81   7   0   0|2816M 4144k 1184M  130M
13-06 16:42:13|  8   4  81   7   0   0|2816M 4144k 1174M  141M
13-06 16:42:15|  8   4  81   7   0   0|2815M 4144k 1180M  135M
13-06 16:42:17|  8   4  81   7   0   0|2815M 4140k 1174M  141M
13-06 16:42:19|  8   4  81   7   0   0|2815M 4144k 1183M  132M
13-06 16:42:21|  8   4  82   6   0   0|2822M 4152k 1176M  132M
13-06 16:42:23|  7   4  82   7   0   0|2823M 4152k 1172M  135M
13-06 16:42:25|  8   4  82   6   0   0|2824M 4136k 1176M  130M
13-06 16:42:27|  8   4  82   6   0   0|2822M 4124k 1171M  137M
13-06 16:42:29|  8   4  82   6   0   0|2824M 4128k 1175M  132M
13-06 16:42:31|  8   4  82   6   0   0|2823M 4152k 1173M  134M
13-06 16:42:33|  8   4  83   5   0   0|2828M 4140k 1177M  126M
13-06 16:42:35|  8   4  82   6   0   0|2825M 4144k 1153M  152M
13-06 16:42:37|  8   4  82   6   0   0|2825M 4160k 1166M  139M
13-06 16:42:39|  8   4  82   6   0   0|2825M 4160k 1172M  134M
13-06 16:42:41|  8   4  82   6   0   0|2824M 4156k 1161M  145M
13-06 16:42:43|  8   4  82   5   0   0|2824M 4148k 1171M  136M
13-06 16:42:45|  8   4  82   6   0   0|2822M 4156k 1161M  148M
13-06 16:42:47|  7   4  82   7   0   0|2824M 4172k 1176M  131M
13-06 16:42:49|  8   4  83   5   0   0|2823M 4168k 1176M  132M
13-06 16:42:51|  8   4  82   5   0   0|2823M 4156k 1169M  139M
13-06 16:42:53|  8   4  82   6   0   0|2824M 4112k 1173M  133M
13-06 16:42:55|  8   4  83   5   0   0|2824M 4112k 1167M  140M
13-06 16:42:57|  8   4  83   6   0   0|2823M 4112k 1173M  135M
13-06 16:42:59|  8   4  83   5   0   0|2824M 4104k 1170M  137M
13-06 16:43:01|  8   4  82   6   0   0|2822M 4116k 1168M  140M
13-06 16:43:03|  8   4  81   7   0   0|2821M 4108k 1178M  132M
13-06 16:43:05|  8   4  81   7   0   0|2820M 4104k 1169M  142M
13-06 16:43:07|  8   4  81   7   0   0|2820M 4120k 1179M  132M
13-06 16:43:09|  8   4  81   7   0   0|2819M 4112k 1175M  137M
13-06 16:43:11|  8   4  81   7   0   0|2820M 4112k 1175M  136M
13-06 16:43:13|  7   3  80   9   0   0|2820M 4124k 1181M  130M
13-06 16:43:15|  8   4  82   7   0   0|2819M 4128k 1179M  133M
13-06 16:43:17|  7   4  81   7   0   0|2818M 4120k 1167M  145M
13-06 16:43:19|  8   4  81   7   0   0|2820M 4112k 1171M  140M
13-06 16:43:21|  8   4  81   7   0   0|2819M 4100k 1183M  129M
13-06 16:43:23|  8   4  81   7   0   0|2820M 4096k 1167M  143M
13-06 16:43:25|  8   4  81   7   0   0|2817M 4108k 1181M  133M
13-06 16:43:27|  8   4  82   6   0   0|2817M 4108k 1185M  128M
13-06 16:43:29|  8   4  83   5   0   0|2817M 4236k 1175M  139M
13-06 16:43:31|  8   4  82   6   0   0|2822M 4244k 1174M  134M
13-06 16:43:33|  7   3  82   7   0   0|2821M 4148k 1168M  142M
13-06 16:43:35|  8   4  82   6   0   0|2823M 4148k 1176M  131M
13-06 16:43:37|  9   4  81   6   0   0|2823M 4156k 1163M  144M
13-06 16:43:39|  8   4  82   6   0   0|2826M 4160k 1176M  129M
13-06 16:43:41|  8   4  82   5   0   0|2824M 4160k 1168M  138M
13-06 16:43:43|  8   4  82   6   0   0|2824M 4148k 1170M  137M
13-06 16:43:45|  8   4  82   5   0   0|2823M 4132k 1178M  129M
13-06 16:43:47|  8   4  82   6   0   0|2825M 4124k 1170M  135M
13-06 16:43:49|  8   4  82   6   0   0|2825M 4112k 1168M  137M
13-06 16:43:51|  8   4  81   7   0   0|2825M 4120k 1160M  146M
13-06 16:43:53|  7   4  82   7   0   0|2828M 4108k 1169M  133M
13-06 16:43:55|  8   4  82   5   0   0|2826M 4108k 1164M  141M
13-06 16:43:57|  8   4  82   6   0   0|2826M 4116k 1163M  142M
13-06 16:43:59|  8   4  82   6   0   0|2824M 4108k 1171M  135M
13-06 16:44:01|  8   4  82   6   0   0|2824M 4120k 1171M  136M
13-06 16:44:03|  8   4  81   7   0   0|2823M 4104k 1177M  131M
13-06 16:44:05|  8   4  81   7   0   0|2821M 4108k 1170M  139M
13-06 16:44:07|  8   4  81   7   0   0|2823M 4124k 1171M  137M
13-06 16:44:09|  8   4  81   7   0   0|2820M 4108k 1179M  131M
13-06 16:44:11|  8   4  82   5   0   0|2820M 4116k 1173M  138M
13-06 16:44:13|  8   4  82   6   0   0|2819M 4112k 1174M  137M
13-06 16:44:15|  8   4  82   6   0   0|2822M 4112k 1176M  133M
13-06 16:44:17|  7   4  82   7   0   0|2820M 4120k 1160M  150M
13-06 16:44:19|  8   4  82   6   0   0|2823M 4128k 1170M  138M
13-06 16:44:21|  8   4  82   6   0   0|2823M 4116k 1181M  126M
13-06 16:44:23|  8   4  82   5   0   0|2822M 4120k 1174M  135M
13-06 16:44:25|  8   4  83   6   0   0|2821M 4132k 1166M  144M
13-06 16:44:27|  8   4  82   5   0   0|2821M 4128k 1167M  142M
13-06 16:44:29|  8   4  82   6   0   0|2820M 4120k 1170M  140M
13-06 16:44:31|  8   4  83   5   0   0|2821M 4136k 1165M  145M
13-06 16:44:33|  8   4  83   5   0   0|2819M 4116k 1173M  139M
13-06 16:44:35|  8   4  83   5   0   0|2820M 4120k 1179M  131M
13-06 16:44:37|  8   4  82   6   0   0|2822M 4128k 1173M  135M
13-06 16:44:39|  9   4  82   5   0   0|2822M 4128k 1176M  133M
13-06 16:44:41|  7   3  82   7   0   0|2819M 4124k 1181M  130M
13-06 16:44:43|  8   4  83   5   0   0|2819M 4112k 1175M  137M
13-06 16:44:45|  8   4  83   5   0   0|2820M 4112k 1172M  139M
13-06 16:44:47|  8   4  82   6   0   0|2819M 4116k 1182M  129M
13-06 16:44:49|  8   4  83   5   0   0|2817M 4116k 1179M  135M
13-06 16:44:51|  8   4  83   5   0   0|2818M 4120k 1197M  115M
13-06 16:44:53|  8   4  83   5   0   0|2819M 4124k 1170M  142M
13-06 16:44:55|  8   4  83   5   0   0|2820M 4128k 1179M  131M
13-06 16:44:57|  8   4  82   6   0   0|2820M 4128k 1169M  142M
13-06 16:44:59|  8   4  82   6   0   0|2819M 4124k 1179M  132M
13-06 16:45:01|  8   4  81   6   0   0|2819M 4136k 1177M  134M
13-06 16:45:03|  8   4  81   7   0   0|2819M 4128k 1196M  115M
13-06 16:45:05|  8   4  81   7   0   0|2818M 4128k 1189M  124M
13-06 16:45:07|  7   4  81   9   0   0|2817M 4132k 1194M  120M
13-06 16:45:09|  8   4  81   7   0   0|2817M 4136k 1177M  136M
13-06 16:45:11|  8   4  81   7   0   0|2814M 4480k 1170M  146M
13-06 16:45:13|  8   4  81   7   0   0|2816M 4520k 1190M  124M
13-06 16:45:15|  8   4  81   7   0   0|2816M 4172k 1178M  136M
13-06 16:45:17|  8   4  81   7   0   0|2814M 4168k 1183M  133M
13-06 16:45:19|  8   4  81   7   0   0|2814M 4188k 1170M  147M
13-06 16:45:21|  8   4  81   7   0   0|2813M 4188k 1184M  133M
13-06 16:45:23|  8   4  81   7   0   0|2813M 4188k 1187M  130M
13-06 16:45:25|  9   4  81   6   0   0|2811M 4200k 1185M  134M
13-06 16:45:27|  8   4  83   5   0   0|2810M 4204k 1192M  128M
13-06 16:45:29|  8   4  82   6   0   0|2819M 4200k 1170M  141M
13-06 16:45:31|  7   4  81   8   0   0|2819M 4212k 1200M  112M
13-06 16:45:33|  8   4  82   5   0   0|2821M 4200k 1172M  137M
13-06 16:45:35|  8   4  82   6   0   0|2820M 4192k 1174M  137M
13-06 16:45:37|  8   4  82   6   0   0|2821M 4208k 1174M  135M
13-06 16:45:39|  8   4  82   6   0   0|2823M 4184k 1169M  139M
13-06 16:45:41|  8   4  82   5   0   0|2823M 4188k 1179M  129M
13-06 16:45:43|  8   4  82   6   0   0|2823M 4192k 1162M  146M
13-06 16:45:45|  8   4  83   5   0   0|2821M 4192k 1182M  127M
13-06 16:45:47|  8   4  83   5   0   0|2821M 4188k 1173M  136M
13-06 16:45:49|  8   4  82   5   0   0|2820M 4184k 1189M  122M
13-06 16:45:51|  8   4  82   5   0   0|2820M 4184k 1172M  138M
13-06 16:45:53|  8   4  82   6   0   0|2821M 4192k 1182M  128M
13-06 16:45:55|  7   4  83   6   0   0|2821M 4188k 1172M  137M
13-06 16:45:57|  8   4  83   5   0   0|2820M 4188k 1173M  138M
13-06 16:45:59|  8   4  83   5   0   0|2820M 4172k 1173M  137M
13-06 16:46:01|  8   4  82   7   0   0|2817M 4180k 1177M  136M
13-06 16:46:03|  8   4  81   7   0   0|2819M 4148k 1182M  130M
13-06 16:46:05|  8   4  82   7   0   0|2818M 4156k 1176M  137M
13-06 16:46:07|  8   4  81   7   0   0|2819M 4172k 1181M  130M
13-06 16:46:09|  8   4  81   7   0   0|2816M 4160k 1176M  138M
13-06 16:46:11|  8   4  82   6   0   0|2818M 4160k 1175M  138M
13-06 16:46:13|  8   4  82   6   0   0|2823M 4168k 1171M  136M
13-06 16:46:15|  8   4  83   5   0   0|2822M 4172k 1168M  140M
13-06 16:46:17|  8   4  83   5   0   0|2822M 4176k 1167M  142M
13-06 16:46:19|  7   4  83   7   0   0|2822M 4172k 1186M  122M
13-06 16:46:21|  8   4  82   6   0   0|2821M 4160k 1172M  137M
13-06 16:46:23|  8   4  83   5   0   0|2822M 4164k 1178M  130M
13-06 16:46:25|  8   4  82   6   0   0|2820M 4176k 1171M  139M
13-06 16:46:27|  8   4  82   6   0   0|2821M 4176k 1169M  141M
13-06 16:46:29|  8   4  82   6   0   0|2824M 4180k 1172M  134M
13-06 16:46:31|  8   4  81   7   0   0|2820M 4196k 1178M  132M
13-06 16:46:33|  8   4  81   7   0   0|2820M 4192k 1177M  133M
13-06 16:46:35|  8   4  81   7   0   0|2819M 4196k 1207M  104M
13-06 16:46:37|  8   4  81   7   0   0|2818M 4200k 1183M  129M
13-06 16:46:39|  8   4  81   7   0   0|2820M 4192k 1173M  137M
13-06 16:46:41|  8   4  80   8   0   0|2820M 4188k 1175M  136M
13-06 16:46:43|  7   4  80   9   0   0|2818M 4188k 1177M  136M
13-06 16:46:45|  8   4  81   7   0   0|2819M 4192k 1175M  137M
13-06 16:46:47|  8   4  81   7   0   0|2819M 4200k 1168M  144M
13-06 16:46:49|  8   4  81   7   0   0|2819M 4204k 1159M  153M
13-06 16:46:51|  8   4  81   7   0   0|2818M 4212k 1182M  130M
13-06 16:46:53|  8   4  81   8   0   0|2817M 4204k 1176M  137M
13-06 16:46:55|  9   4  80   7   0   0|2818M 4208k 1180M  132M
13-06 16:46:57|  8   4  81   8   0   0|2817M 4208k 1171M  142M
13-06 16:46:59|  8   4  81   8   0   0|2816M 4212k 1181M  134M
13-06 16:47:01|  8   4  80   8   0   0|2816M 4224k 1179M  134M
13-06 16:47:03|  8   4  81   8   0   0|2818M 4216k 1170M  142M
13-06 16:47:05|  8   4  80   8   0   0|2822M 4220k 1174M  135M
13-06 16:47:07|  7   3  80   9   0   0|2819M 4232k 1181M  130M
13-06 16:47:09|  8   4  82   6   0   0|2817M 4220k 1186M  127M
13-06 16:47:11|  7   4  82   6   0   0|2822M 4224k 1170M  139M
13-06 16:47:13|  8   4  83   5   0   0|2822M 4224k 1180M  128M
13-06 16:47:15|  8   4  83   5   0   0|2819M 4228k 1164M  146M
13-06 16:47:17|  8   4  82   5   0   0|2820M 4232k 1178M  132M
13-06 16:47:19|  8   4  82   5   0   0|2817M 4220k 1179M  134M
13-06 16:47:21|  8   4  82   5   0   0|2818M 4220k 1173M  139M
13-06 16:47:23|  8   4  82   5   0   0|2818M 4224k 1180M  132M
13-06 16:47:25|  8   4  83   5   0   0|2818M 4228k 1182M  131M
13-06 16:47:27|  8   4  82   5   0   0|2818M 4228k 1170M  143M
13-06 16:47:29|  8   4  82   6   0   0|2819M 4232k 1164M  148M
13-06 16:47:31|  7   4  82   7   0   0|2823M 4244k 1171M  136M
13-06 16:47:33|  8   4  82   6   0   0|2820M 4216k 1183M  127M
13-06 16:47:35|  8   4  83   6   0   0|2820M 4220k 1172M  139M
13-06 16:47:37|  7   4  83   5   0   0|2819M 4232k 1173M  138M
13-06 16:47:39|  8   4  83   5   0   0|2818M 4212k 1174M  138M
13-06 16:47:41|  8   4  82   6   0   0|2819M 4212k 1174M  137M
13-06 16:47:43|  8   4  82   6   0   0|2821M 4208k 1165M  145M
13-06 16:47:45|  8   4  83   5   0   0|2821M 4196k 1177M  132M
13-06 16:47:47|  8   4  83   5   0   0|2820M 4200k 1170M  141M
13-06 16:47:49|  8   4  82   6   0   0|2823M 4192k 1169M  138M
13-06 16:47:51|  8   4  82   6   0   0|2821M 4192k 1171M  138M
13-06 16:47:53|  8   4  83   5   0   0|2822M 4200k 1193M  116M
13-06 16:47:55|  8   4  82   5   0   0|2823M 4212k 1177M  131M
13-06 16:47:57|  7   4  83   6   0   0|2821M 4216k 1175M  134M
13-06 16:47:59|  8   4  83   5   0   0|2820M 4220k 1169M  142M
13-06 16:48:01|  8   4  82   7   0   0|2820M 4232k 1170M  140M
13-06 16:48:03|  8   4  81   7   0   0|2820M 4228k 1178M  132M
13-06 16:48:05|  8   4  81   7   0   0|2818M 4232k 1177M  136M
13-06 16:48:07|  8   4  81   7   0   0|2819M 4244k 1176M  136M
13-06 16:48:09|  8   4  81   7   0   0|2818M 4244k 1181M  131M
13-06 16:48:11|  8   4  81   7   0   0|2819M 4232k 1179M  133M
13-06 16:48:13|  8   4  82   7   0   0|2819M 4236k 1179M  132M
13-06 16:48:15|  8   4  82   6   0   0|2820M 4228k 1172M  139M
13-06 16:48:17|  8   4  82   5   0   0|2818M 4224k 1180M  132M
13-06 16:48:19|  8   4  83   5   0   0|2821M 4228k 1170M  140M
13-06 16:48:21|  8   4  82   6   0   0|2820M 4220k 1173M  137M
13-06 16:48:23|  7   4  83   6   0   0|2820M 4212k 1170M  140M
13-06 16:48:25|  8   4  83   5   0   0|2820M 4220k 1183M  127M
13-06 16:48:27|  8   4  82   6   0   0|2818M 4224k 1179M  134M
13-06 16:48:29|  8   4  82   6   0   0|2820M 4352k 1181M  129M
13-06 16:48:31|  8   4  81   7   0   0|2822M 4360k 1171M  137M
13-06 16:48:33|  8   4  81   7   0   0|2819M 4256k 1171M  140M
13-06 16:48:35|  8   4  81   7   0   0|2818M 4252k 1201M  111M
13-06 16:48:37|  8   4  81   7   0   0|2819M 4252k 1171M  140M
13-06 16:48:39|  8   4  82   6   0   0|2818M 4236k 1175M  137M
13-06 16:48:41|  8   4  82   6   0   0|2820M 4236k 1177M  133M
13-06 16:48:43|  8   4  81   7   0   0|2820M 4228k 1178M  132M
13-06 16:48:45|  8   4  81   7   0   0|2820M 4228k 1167M  143M
13-06 16:48:47|  7   4  80   9   0   0|2818M 4236k 1177M  136M
13-06 16:48:49|  7   4  81   7   0   0|2819M 4220k 1170M  141M
13-06 16:48:51|  7   4  81   8   0   0|2817M 4216k 1180M  134M
13-06 16:48:53|  8   4  81   7   0   0|2819M 4220k 1166M  146M
13-06 16:48:55|  8   4  81   7   0   0|2818M 4228k 1179M  133M
13-06 16:48:57|  8   4  81   7   0   0|2818M 4228k 1182M  129M
13-06 16:48:59|  8   4  81   7   0   0|2817M 4228k 1177M  136M
13-06 16:49:01|  8   4  81   7   0   0|2819M 4232k 1183M  128M
13-06 16:49:03|  8   4  81   7   0   0|2818M 4232k 1173M  139M
13-06 16:49:05|  8   4  81   7   0   0|2818M 4232k 1198M  114M
13-06 16:49:07|  8   4  81   7   0   0|2818M 4236k 1179M  134M
13-06 16:49:09|  8   4  82   6   0   0|2826M 4224k 1169M  135M
13-06 16:49:11|  7   4  82   7   0   0|2826M 4232k 1162M  143M
13-06 16:49:13|  8   4  83   5   0   0|2825M 4236k 1169M  137M
13-06 16:49:15|  8   4  82   6   0   0|2823M 4236k 1174M  133M
13-06 16:49:17|  8   4  82   6   0   0|2824M 4220k 1172M  134M
13-06 16:49:19|  8   4  82   5   0   0|2823M 4216k 1176M  131M
13-06 16:49:21|  8   4  82   6   0   0|2822M 4220k 1181M  128M
13-06 16:49:23|  8   4  81   7   0   0|2820M 4208k 1164M  146M
13-06 16:49:25|  8   4  81   7   0   0|2820M 4220k 1172M  139M
13-06 16:49:27|  8   4  81   7   0   0|2817M 4224k 1182M  131M
13-06 16:49:29|  8   4  81   7   0   0|2819M 4228k 1178M  133M
13-06 16:49:31|  8   4  81   7   0   0|2819M 4204k 1173M  139M
13-06 16:49:33|  8   4  81   7   0   0|2817M 4200k 1171M  142M
13-06 16:49:35|  7   3  81   8   0   0|2817M 4240k 1169M  144M
13-06 16:49:37|  8   4  81   7   0   0|2817M 4232k 1185M  128M
13-06 16:49:39|  8   4  81   7   0   0|2815M 4228k 1178M  138M
13-06 16:49:41|  8   4  82   7   0   0|2817M 4208k 1180M  133M
13-06 16:49:43|  8   4  83   5   0   0|2817M 4188k 1171M  143M
13-06 16:49:45|  8   4  82   6   0   0|2823M 4172k 1176M  131M
13-06 16:49:47|  8   4  82   5   0   0|2822M 4180k 1167M  142M
13-06 16:49:49|  8   4  83   5   0   0|2821M 4176k 1181M  129M
13-06 16:49:51|  8   4  83   5   0   0|2821M 4188k 1173M  136M
13-06 16:49:53|  8   4  83   5   0   0|2820M 4176k 1172M  138M
13-06 16:49:55|  8   4  82   6   0   0|2819M 4176k 1200M  112M
13-06 16:49:57|  8   4  82   6   0   0|2818M 4156k 1173M  140M
13-06 16:49:59|  8   4  82   6   0   0|2819M 4144k 1198M  114M
13-06 16:50:01|  7   4  82   7   0   0|2818M 4128k 1171M  141M
13-06 16:50:03|  9   4  80   6   0   0|2814M 4900k 1180M  136M
13-06 16:50:05|  8   4  83   5   0   0|2813M 4876k 1191M  126M
13-06 16:50:07|  7   4  83   6   0   0|2813M 4232k 1180M  138M
13-06 16:50:09|  8   4  82   5   0   0|2814M 4192k 1188M  129M
13-06 16:50:11|  8   4  82   5   0   0|2814M 4164k 1176M  141M
13-06 16:50:13|  8   4  83   6   0   0|2813M 4124k 1181M  137M
13-06 16:50:15|  8   4  83   6   0   0|2813M 4096k 1180M  138M
13-06 16:50:17|  8   4  82   6   0   0|2816M 4064k 1177M  137M
13-06 16:50:19|  8   4  83   5   0   0|2814M 4052k 1175M  142M
13-06 16:50:21|  8   3  81   8   0   0|2816M 4048k 1195M  120M
13-06 16:50:23|  8   4  81   7   0   0|2816M 4032k 1181M  134M
13-06 16:50:25|  8   4  81   7   0   0|2819M 4028k 1176M  135M
13-06 16:50:27|  8   4  81   7   0   0|2818M 4008k 1186M  126M
13-06 16:50:29|  8   4  81   7   0   0|2817M 3988k 1172M  142M
13-06 16:50:31|  8   4  81   7   0   0|2817M 3960k 1182M  132M
13-06 16:50:33|  8   4  81   7   0   0|2816M 3960k 1172M  142M
13-06 16:50:35|  8   4  81   7   0   0|2815M 3916k 1182M  134M
13-06 16:50:37|  8   4  81   7   0   0|2815M 3920k 1189M  126M
13-06 16:50:39|  8   4  81   7   0   0|2815M 3940k 1182M  134M
13-06 16:50:41|  7   3  81   8   0   0|2817M 3948k 1180M  134M
13-06 16:50:43|  8   4  82   6   0   0|2814M 3940k 1202M  115M
13-06 16:50:45|  8   4  82   6   0   0|2814M 3952k 1187M  130M
13-06 16:50:47|  8   4  82   6   0   0|2813M 3960k 1178M  140M
13-06 16:50:49|  8   4  83   5   0   0|2813M 3968k 1182M  136M
13-06 16:50:51|  8   4  83   5   0   0|2813M 3984k 1177M  141M
13-06 16:50:53|  8   4  83   5   0   0|2809M 4336k 1187M  134M
13-06 16:50:55|  8   4  83   5   0   0|2812M 4492k 1203M  115M
13-06 16:50:57|  8   4  82   6   0   0|2814M 4264k 1176M  140M
13-06 16:50:59|  8   4  82   6   0   0|2817M 4148k 1174M  139M
13-06 16:51:01|  8   4  81   7   0   0|2815M 4132k 1178M  137M
13-06 16:51:03|  8   4  81   7   0   0|2813M 4120k 1177M  141M
13-06 16:51:05|  7   3  81   8   0   0|2813M 4100k 1187M  131M
13-06 16:51:07|  8   4  82   6   0   0|2814M 4108k 1173M  143M
13-06 16:51:09|  8   4  82   6   0   0|2816M 4120k 1167M  148M
13-06 16:51:11|  8   4  82   5   0   0|2813M 4104k 1181M  137M
13-06 16:51:13|  8   4  82   6   0   0|2814M 4096k 1184M  132M
13-06 16:51:15|  8   4  81   7   0   0|2814M 4104k 1174M  143M
13-06 16:51:17|  8   4  82   6   0   0|2816M 4084k 1177M  137M
13-06 16:51:19|  8   4  82   6   0   0|2814M 4072k 1176M  140M
13-06 16:51:21|  8   4  83   6   0   0|2816M 4048k 1183M  132M
13-06 16:51:23|  8   4  82   6   0   0|2813M 4036k 1173M  144M
13-06 16:51:25|  7   4  82   7   0   0|2816M 4028k 1182M  133M
13-06 16:51:27|  8   4  82   5   0   0|2816M 4024k 1174M  141M
13-06 16:51:29|  8   4  83   5   0   0|2817M 4024k 1181M  132M
13-06 16:51:31|  8   4  83   6   0   0|2816M 4028k 1186M  129M
13-06 16:51:33|  8   4  83   5   0   0|2816M 4040k 1173M  141M
13-06 16:51:35|  8   4  82   6   0   0|2815M 4020k 1185M  131M
13-06 16:51:37|  8   4  83   5   0   0|2816M 4024k 1183M  131M
13-06 16:51:39|  8   4  83   5   0   0|2812M 4024k 1181M  138M
13-06 16:51:41|  8   4  82   5   0   0|2814M 4032k 1181M  136M
13-06 16:51:43|  8   4  83   5   0   0|2812M 4016k 1208M  110M
13-06 16:51:45|  7   4  83   6   0   0|2813M 4036k 1185M  133M
13-06 16:51:47|  8   4  82   5   0   0|2812M 4024k 1171M  147M
13-06 16:51:49|  8   4  82   6   0   0|2813M 4032k 1188M  130M
13-06 16:51:51|  8   4  82   6   0   0|2813M 4044k 1182M  136M
13-06 16:51:53|  8   4  82   6   0   0|2812M 4020k 1178M  141M
13-06 16:51:55|  8   4  82   6   0   0|2816M 4020k 1182M  133M
13-06 16:51:57|  8   4  82   5   0   0|2816M 4028k 1172M  143M
13-06 16:51:59|  8   4  82   6   0   0|2817M 4044k 1180M  134M
13-06 16:52:01|  8   4  83   6   0   0|2817M 4048k 1173M  141M
13-06 16:52:03|  8   4  82   6   0   0|2818M 4032k 1176M  136M
13-06 16:52:05|  8   4  82   6   0   0|2818M 4168k 1187M  126M
13-06 16:52:07|  8   4  82   6   0   0|2817M 4416k 1189M  124M
13-06 16:52:09|  8   4  82   7   0   0|2818M 4624k 1156M  156M
13-06 16:52:11|  8   4  83   5   0   0|2817M 4628k 1177M  136M
13-06 16:52:13|  8   4  82   5   0   0|2818M 4156k 1167M  146M
13-06 16:52:15|  8   4  82   6   0   0|2818M 4164k 1182M  131M
13-06 16:52:17|  8   4  82   5   0   0|2817M 4152k 1168M  144M
13-06 16:52:19|  8   4  81   7   0   0|2817M 4248k 1179M  134M
13-06 16:52:21|  8   4  81   7   0   0|2822M 4116k 1170M  139M
13-06 16:52:23|  8   4  81   7   0   0|2823M 4108k 1168M  140M
13-06 16:52:25|  8   4  81   7   0   0|2821M 4108k 1173M  136M
13-06 16:52:27|  8   4  82   6   0   0|2824M 4076k 1172M  134M
13-06 16:52:29|  8   4  82   6   0   0|2826M 4064k 1167M  137M
13-06 16:52:31|  8   4  82   6   0   0|2826M 4044k 1184M  121M
13-06 16:52:33|  7   4  82   6   0   0|2824M 4012k 1164M  142M
13-06 16:52:35|  8   4  83   5   0   0|2824M 3988k 1166M  141M
13-06 16:52:37|  8   4  83   5   0   0|2823M 3972k 1177M  130M
13-06 16:52:39|  8   4  82   6   0   0|2823M 3956k 1164M  143M
13-06 16:52:41|  8   4  83   5   0   0|2823M 3960k 1173M  135M
13-06 16:52:43|  8   4  83   5   0   0|2822M 3928k 1169M  141M
13-06 16:52:45|  8   4  83   5   0   0|2822M 3940k 1179M  130M
13-06 16:52:47|  8   4  83   5   0   0|2822M 3940k 1178M  130M
13-06 16:52:49|  8   4  83   5   0   0|2822M 3924k 1174M  135M
13-06 16:52:51|  8   4  82   6   0   0|2823M 3936k 1175M  133M
13-06 16:52:53|  8   4  83   5   0   0|2822M 3944k 1179M  129M
13-06 16:52:55|  8   4  82   6   0   0|2823M 3948k 1176M  132M
13-06 16:52:57|  8   4  82   6   0   0|2822M 3960k 1176M  133M
13-06 16:52:59|  7   4  82   7   0   0|2823M 3972k 1177M  130M
13-06 16:53:01|  8   4  83   5   0   0|2823M 3968k 1165M  142M
13-06 16:53:03|  8   4  82   6   0   0|2824M 3964k 1172M  135M
13-06 16:53:05|  8   4  83   5   0   0|2824M 3972k 1166M  141M
13-06 16:53:07|  8   4  83   5   0   0|2822M 3980k 1175M  133M
13-06 16:53:09|  8   4  83   5   0   0|2824M 3988k 1169M  138M
13-06 16:53:11|  8   4  82   5   0   0|2824M 3992k 1177M  130M
13-06 16:53:13|  8   4  82   5   0   0|2824M 3980k 1173M  134M
13-06 16:53:15|  8   4  82   5   0   0|2823M 3984k 1165M  142M
13-06 16:53:17|  8   4  82   6   0   0|2825M 3992k 1172M  134M
13-06 16:53:19|  8   4  82   5   0   0|2822M 4000k 1179M  129M
13-06 16:53:21|  8   4  82   6   0   0|2821M 4016k 1181M  128M
13-06 16:53:23|  7   4  82   7   0   0|2823M 4020k 1170M  137M
13-06 16:53:25|  8   4  83   5   0   0|2821M 4020k 1158M  152M
13-06 16:53:27|  8   4  83   5   0   0|2822M 4036k 1165M  144M
13-06 16:53:29|  8   4  82   6   0   0|2822M 4140k 1178M  130M
13-06 16:53:31|  8   4  82   5   0   0|2825M 4148k 1160M  145M
13-06 16:53:33|  8   4  82   6   0   0|2823M 4048k 1173M  134M
13-06 16:53:35|  8   4  82   6   0   0|2827M 4056k 1165M  139M
13-06 16:53:37|  8   4  82   6   0   0|2829M 4048k 1169M  132M
13-06 16:53:39|  8   4  82   6   0   0|2826M 4252k 1166M  138M
13-06 16:53:41|  8   4  82   6   0   0|2827M 4260k 1174M  130M
13-06 16:53:43|  7   4  82   6   0   0|2826M 4140k 1162M  143M
13-06 16:53:45|  8   4  82   6   0   0|2825M 4148k 1172M  134M
13-06 16:53:47|  8   4  83   5   0   0|2825M 4136k 1175M  130M
13-06 16:53:49|  8   4  83   5   0   0|2823M 4140k 1177M  131M
13-06 16:53:51|  8   4  83   5   0   0|2822M 4156k 1155M  153M
13-06 16:53:53|  8   4  83   5   0   0|2823M 4156k 1171M  136M
13-06 16:53:55|  8   4  83   5   0   0|2823M 4140k 1164M  144M
13-06 16:53:57|  8   4  83   6   0   0|2822M 4144k 1171M  137M
13-06 16:53:59|  8   4  83   5   0   0|2822M 4132k 1162M  147M
13-06 16:54:01|  8   4  82   6   0   0|2828M 4132k 1158M  145M
13-06 16:54:03|  7   4  83   6   0   0|2826M 4132k 1166M  138M
13-06 16:54:05|  8   4  83   4   0   0|2827M 4136k 1165M  138M
13-06 16:54:07|  8   4  83   5   0   0|2826M 4132k 1171M  133M
13-06 16:54:09|  8   4  82   5   0   0|2826M 4136k 1166M  139M
13-06 16:54:11|  8   4  83   5   0   0|2825M 4132k 1177M  129M
13-06 16:54:13|  8   4  82   5   0   0|2824M 4084k 1172M  134M
13-06 16:54:15|  8   4  82   6   0   0|2824M 4080k 1173M  134M
13-06 16:54:17|  8   4  81   7   0   0|2821M 4356k 1170M  138M
13-06 16:54:19|  8   4  81   7   0   0|2823M 4472k 1169M  138M
13-06 16:54:21|  8   4  81   7   0   0|2825M 4228k 1166M  139M
13-06 16:54:23|  8   4  81   7   0   0|2824M 4120k 1180M  126M
13-06 16:54:25|  8   4  81   7   0   0|2827M 4112k 1167M  136M
13-06 16:54:27|  7   3  80   9   0   0|2829M 4124k 1175M  127M
13-06 16:54:29|  8   4  81   7   0   0|2829M 4116k 1169M  133M
13-06 16:54:31|  9   4  82   6   0   0|2826M 4120k 1170M  135M
13-06 16:54:33|  7   4  83   6   0   0|2824M 4120k 1167M  139M
13-06 16:54:35|  8   4  83   5   0   0|2825M 4112k 1174M  132M
13-06 16:54:37|  8   4  83   6   0   0|2825M 4100k 1170M  135M
13-06 16:54:39|  8   4  82   5   0   0|2826M 4100k 1173M  131M
13-06 16:54:41|  8   4  83   5   0   0|2825M 4100k 1166M  140M
13-06 16:54:43|  8   4  82   6   0   0|2834M 4084k 1163M  134M
13-06 16:54:45|  8   4  82   6   0   0|2834M 4096k 1159M  137M
13-06 16:54:47|  8   4  83   6   0   0|2832M 4084k 1158M  141M
13-06 16:54:49|  8   4  82   6   0   0|2831M 4188k 1170M  129M
13-06 16:54:51|  8   4  83   6   0   0|2833M 4116k 1155M  142M
13-06 16:54:53|  8   4  82   6   0   0|2831M 4112k 1158M  141M
13-06 16:54:55|  8   4  82   6   0   0|2831M 4108k 1164M  136M
13-06 16:54:57|  8   4  82   6   0   0|2830M 4124k 1171M  130M
13-06 16:54:59|  8   4  83   5   0   0|2830M 4116k 1157M  143M
13-06 16:55:01|  8   4  81   6   0   0|2829M 4108k 1159M  142M
13-06 16:55:03|  9   5  80   7   0   0|2828M 5360k 1168M  133M
13-06 16:55:05|  8   4  83   5   0   0|2829M 5124k 1174M  127M
13-06 16:55:07|  8   4  83   5   0   0|2828M 4340k 1165M  137M
13-06 16:55:09|  8   4  83   5   0   0|2825M 4480k 1180M  125M
13-06 16:55:11|  8   4  83   5   0   0|2822M 4472k 1170M  138M
13-06 16:55:13|  7   4  82   6   0   0|2824M 4368k 1167M  139M
13-06 16:55:15|  8   4  82   6   0   0|2823M 4616k 1176M  131M
13-06 16:55:17|  8   4  83   5   0   0|2821M 4716k 1169M  140M
13-06 16:55:19|  8   4  83   5   0   0|2825M 4452k 1169M  137M
13-06 16:55:21|  8   4  82   6   0   0|2826M 4524k 1168M  136M
13-06 16:55:23|  8   4  82   7   0   0|2829M 4480k 1160M  140M
13-06 16:55:25|  8   4  81   7   0   0|2828M 4360k 1174M  128M
13-06 16:55:27|  8   4  81   7   0   0|2826M 4344k 1161M  143M
13-06 16:55:29|  8   4  81   7   0   0|2827M 4300k 1166M  137M
13-06 16:55:31|  7   3  80  10   0   0|2827M 4204k 1170M  134M
13-06 16:55:33|  8   4  81   7   0   0|2818M 4156k 1172M  141M
13-06 16:55:35|  8   4  82   6   0   0|2818M 4168k 1177M  136M
13-06 16:55:37|  8   4  82   6   0   0|2817M 4168k 1170M  143M
13-06 16:55:39|  8   4  81   7   0   0|2815M 4164k 1179M  135M
13-06 16:55:41|  8   4  81   7   0   0|2819M 4168k 1182M  129M
13-06 16:55:43|  8   4  81   7   0   0|2813M 4164k 1194M  123M
13-06 16:55:45|  8   4  81   7   0   0|2813M 4104k 1179M  139M
13-06 16:55:47|  8   4  81   7   0   0|2814M 4104k 1176M  140M
13-06 16:55:49|  8   4  81   7   0   0|2813M 4100k 1177M  140M
13-06 16:55:51|  8   4  81   7   0   0|2815M 4084k 1189M  126M
13-06 16:55:53|  8   4  81   7   0   0|2809M 4080k 1178M  143M
13-06 16:55:55|  7   3  81   8   0   0|2811M 4088k 1183M  137M
13-06 16:55:57|  8   4  81   7   0   0|2814M 4100k 1176M  141M
13-06 16:55:59|  8   4  81   7   0   0|2813M 4096k 1186M  131M
13-06 16:56:01|  8   4  81   7   0   0|2815M 4104k 1179M  136M
13-06 16:56:03|  8   4  81   7   0   0|2816M 4092k 1175M  139M
13-06 16:56:05|  8   4  82   6   0   0|2817M 4096k 1177M  136M
13-06 16:56:07|  8   4  83   5   0   0|2818M 4100k 1180M  133M
13-06 16:56:09|  8   4  83   5   0   0|2817M 4112k 1170M  144M
13-06 16:56:11|  8   4  82   6   0   0|2819M 4096k 1173M  138M
13-06 16:56:13|  8   4  82   6   0   0|2825M 4096k 1169M  137M
13-06 16:56:15|  8   4  83   5   0   0|2824M 4088k 1171M  136M
13-06 16:56:17|  8   4  82   5   0   0|2824M 4092k 1170M  136M
13-06 16:56:19|  7   4  82   7   0   0|2821M 4100k 1173M  136M
13-06 16:56:21|  8   4  83   5   0   0|2823M 4236k 1175M  132M
13-06 16:56:23|  8   4  82   6   0   0|2823M 4236k 1169M  138M
13-06 16:56:25|  8   4  82   6   0   0|2825M 4152k 1168M  138M
13-06 16:56:27|  8   4  82   6   0   0|2827M 4156k 1164M  139M
13-06 16:56:29|  8   4  81   7   0   0|2828M 4152k 1171M  132M
13-06 16:56:31|  8   4  81   8   0   0|2826M 4168k 1160M  144M
13-06 16:56:33|  8   4  81   7   0   0|2826M 4172k 1169M  135M
13-06 16:56:35|  8   4  81   7   0   0|2826M 4164k 1169M  136M
13-06 16:56:37|  8   4  81   7   0   0|2826M 4172k 1159M  146M
13-06 16:56:39|  8   4  81   7   0   0|2827M 4188k 1165M  138M
13-06 16:56:41|  8   4  81   7   0   0|2825M 4196k 1176M  130M
13-06 16:56:43|  8   4  82   6   0   0|2824M 4164k 1169M  138M
13-06 16:56:45|  7   4  82   7   0   0|2822M 4180k 1175M  133M
13-06 16:56:47|  8   4  82   5   0   0|2823M 4176k 1170M  137M
13-06 16:56:49|  8   4  82   6   0   0|2822M 4180k 1182M  126M
13-06 16:56:51|  8   4  83   5   0   0|2822M 4192k 1178M  131M
13-06 16:56:53|  8   4  82   5   0   0|2824M 4188k 1169M  137M
13-06 16:56:55|  8   4  83   5   0   0|2822M 4184k 1171M  138M
13-06 16:56:57|  8   4  83   5   0   0|2820M 4180k 1174M  136M
13-06 16:56:59|  8   4  82   6   0   0|2821M 4180k 1174M  136M
13-06 16:57:01|  8   4  82   6   0   0|2821M 4176k 1175M  134M
13-06 16:57:03|  8   4  81   7   0   0|2811M 4180k 1182M  137M
13-06 16:57:05|  7   3  81   8   0   0|2811M 4184k 1184M  135M
13-06 16:57:07|  8   4  81   7   0   0|2811M 4184k 1183M  135M
13-06 16:57:09|  8   4  81   7   0   0|2817M 4192k 1172M  141M
13-06 16:57:11|  8   4  81   7   0   0|2815M 4184k 1183M  133M
13-06 16:57:13|  8   4  81   7   0   0|2816M 4164k 1169M  146M
13-06 16:57:15|  8   4  81   7   0   0|2816M 4168k 1177M  137M
13-06 16:57:17|  8   4  81   7   0   0|2816M 4172k 1188M  126M
13-06 16:57:19|  8   4  81   7   0   0|2817M 4184k 1175M  138M
13-06 16:57:21|  8   4  82   6   0   0|2822M 4180k 1171M  137M
13-06 16:57:23|  7   4  82   7   0   0|2820M 4692k 1179M  131M
13-06 16:57:25|  8   4  83   5   0   0|2820M 4840k 1167M  143M
13-06 16:57:27|  8   4  83   5   0   0|2820M 4412k 1171M  139M
13-06 16:57:29|  8   4  82   6   0   0|2820M 4296k 1174M  136M
13-06 16:57:31|  8   4  82   6   0   0|2822M 4304k 1164M  143M
13-06 16:57:33|  8   4  83   5   0   0|2821M 4288k 1174M  136M
13-06 16:57:35|  8   4  82   5   0   0|2822M 4300k 1174M  134M
13-06 16:57:37|  8   4  83   6   0   0|2821M 4312k 1175M  134M
13-06 16:57:39|  8   4  82   5   0   0|2822M 4312k 1171M  138M
13-06 16:57:41|  8   4  83   5   0   0|2820M 4296k 1174M  136M
13-06 16:57:43|  8   4  83   5   0   0|2821M 4300k 1165M  144M
13-06 16:57:45|  8   4  83   6   0   0|2820M 4280k 1176M  134M
13-06 16:57:47|  7   4  82   7   0   0|2820M 4272k 1162M  148M
13-06 16:57:49|  8   4  82   6   0   0|2820M 4268k 1162M  148M
13-06 16:57:51|  8   4  83   5   0   0|2820M 4240k 1173M  137M
13-06 16:57:53|  8   4  82   6   0   0|2818M 4212k 1173M  139M
13-06 16:57:55|  8   4  83   5   0   0|2818M 4212k 1181M  130M
13-06 16:57:57|  8   4  83   5   0   0|2819M 4216k 1185M  126M
13-06 16:57:59|  8   4  83   5   0   0|2819M 4216k 1174M  137M
13-06 16:58:01|  8   4  82   5   0   0|2821M 4228k 1171M  138M
13-06 16:58:03|  8   5  81   6   0   0|2824M 5520k 1162M  143M
13-06 16:58:05|  8   4  83   5   0   0|2826M 5500k 1169M  134M
13-06 16:58:07|  8   4  83   5   0   0|2826M 4468k 1160M  144M
13-06 16:58:09|  8   4  82   5   0   0|2822M 4332k 1174M  134M
13-06 16:58:11|  8   4  82   6   0   0|2823M 4316k 1181M  126M
13-06 16:58:13|  7   3  82   7   0   0|2821M 4312k 1187M  122M
13-06 16:58:15|  8   4  81   7   0   0|2818M 4456k 1172M  139M
13-06 16:58:17|  8   4  81   7   0   0|2819M 4576k 1180M  131M
13-06 16:58:19|  8   4  81   8   0   0|2818M 4540k 1172M  140M
13-06 16:58:21|  8   4  81   7   0   0|2820M 4596k 1173M  137M
13-06 16:58:23|  8   4  81   7   0   0|2808M 4440k 1182M  140M
13-06 16:58:25|  8   4  81   7   0   0|2808M 4332k 1190M  132M
13-06 16:58:27|  8   4  81   7   0   0|2807M 4272k 1187M  136M
13-06 16:58:29|  8   4  81   7   0   0|2810M 4360k 1181M  139M
13-06 16:58:31|  8   4  81   7   0   0|2810M 4344k 1186M  134M
13-06 16:58:33|  8   4  81   7   0   0|2817M 4156k 1171M  142M
13-06 16:58:35|  8   4  82   6   0   0|2819M 4148k 1179M  132M
13-06 16:58:37|  8   4  82   6   0   0|2821M 4148k 1171M  139M
13-06 16:58:39|  7   4  82   7   0   0|2823M 4140k 1170M  136M
13-06 16:58:41|  8   4  82   6   0   0|2828M 4136k 1174M  129M
13-06 16:58:43|  8   4  83   6   0   0|2827M 4076k 1168M  136M
13-06 16:58:45|  8   4  82   5   0   0|2825M 4056k 1170M  135M
13-06 16:58:47|  8   4  82   6   0   0|2824M 4036k 1166M  140M
13-06 16:58:49|  8   4  83   5   0   0|2824M 4036k 1177M  129M
13-06 16:58:51|  8   4  82   5   0   0|2823M 4028k 1170M  138M
13-06 16:58:53|  8   4  82   6   0   0|2825M 4040k 1172M  134M
13-06 16:58:55|  8   4  82   6   0   0|2824M 4016k 1166M  140M
13-06 16:58:57|  8   4  82   5   0   0|2824M 4008k 1159M  147M
13-06 16:58:59|  7   4  82   6   0   0|2825M 4020k 1173M  132M
13-06 16:59:01|  8   4  82   6   0   0|2827M 4020k 1163M  141M
13-06 16:59:03|  8   4  81   7   0   0|2825M 4016k 1174M  132M
13-06 16:59:05|  8   4  81   7   0   0|2824M 4024k 1164M  142M
13-06 16:59:07|  8   4  81   7   0   0|2824M 4028k 1166M  141M
13-06 16:59:09|  8   4  81   7   0   0|2826M 4036k 1182M  123M
13-06 16:59:11|  8   4  82   6   0   0|2825M 4036k 1158M  148M
13-06 16:59:13|  8   4  83   5   0   0|2826M 4028k 1163M  141M
13-06 16:59:15|  8   4  82   6   0   0|2823M 4036k 1180M  127M
13-06 16:59:17|  7   4  82   7   0   0|2825M 4056k 1168M  138M
13-06 16:59:19|  8   4  84   4   0   0|2825M 4052k 1172M  134M
13-06 16:59:21|  8   4  82   6   0   0|2833M 4060k 1168M  129M
13-06 16:59:23|  8   4  82   6   0   0|2832M 4064k 1158M  140M
13-06 16:59:25|  8   4  83   5   0   0|2835M 4024k 1150M  146M
13-06 16:59:27|  8   4  82   6   0   0|2840M 4032k 1152M  139M
13-06 16:59:29|  8   4  83   5   0   0|2840M 4040k 1153M  137M
13-06 16:59:31|  9   4  82   5   0   0|2839M 4052k 1144M  148M
13-06 16:59:33|  9   4  82   5   0   0|2823M 4032k 1176M  131M
13-06 16:59:35|  8   4  82   6   0   0|2825M 4024k 1167M  139M
13-06 16:59:37|  8   4  82   6   0   0|2826M 4020k 1172M  133M
13-06 16:59:39|  8   4  82   6   0   0|2828M 4020k 1167M  135M
13-06 16:59:41|  8   4  82   6   0   0|2832M 4024k 1155M  144M
13-06 16:59:43|  7   3  82   7   0   0|2823M 4008k 1164M  143M
13-06 16:59:45|  8   4  83   5   0   0|2820M 4016k 1177M  133M
13-06 16:59:47|  8   4  83   6   0   0|2821M 4028k 1177M  133M
13-06 16:59:49|  8   4  82   5   0   0|2821M 4060k 1169M  141M
13-06 16:59:51|  8   4  82   5   0   0|2820M 4340k 1176M  134M
13-06 16:59:53|  8   4  82   6   0   0|2821M 4328k 1168M  141M
13-06 16:59:55|  8   4  83   5   0   0|2819M 4100k 1168M  143M
13-06 16:59:57|  8   4  83   5   0   0|2819M 4084k 1172M  139M
13-06 16:59:59|  8   4  82   5   0   0|2820M 4072k 1171M  140M
13-06 17:00:01|  8   4  82   6   0   0|2820M 4076k 1174M  137M
13-06 17:00:03|  8   4  81   6   0   0|2832M 4728k 1163M  135M
13-06 17:00:05|  8   4  83   5   0   0|2827M 4608k 1169M  134M
13-06 17:00:07|  7   3  81   8   0   0|2826M 4172k 1164M  140M
13-06 17:00:09|  8   4  83   5   0   0|2826M 4168k 1168M  136M
13-06 17:00:11|  9   4  81   5   0   0|2825M 4160k 1172M  134M
13-06 17:00:13|  7   3  82   7   0   0|2828M 4172k 1161M  142M
13-06 17:00:15|  8   4  83   5   0   0|2825M 4172k 1171M  135M
13-06 17:00:17|  8   4  83   5   0   0|2828M 4152k 1171M  132M
13-06 17:00:19|  8   4  83   5   0   0|2828M 4160k 1166M  136M
13-06 17:00:21|  8   4  83   5   0   0|2833M 4124k 1166M  131M
13-06 17:00:23|  8   4  83   5   0   0|2832M 4120k 1159M  139M
13-06 17:00:25|  8   4  83   6   0   0|2831M 4124k 1164M  135M
13-06 17:00:27|  8   4  83   5   0   0|2830M 4064k 1162M  139M
13-06 17:00:29|  8   4  82   6   0   0|2832M 4036k 1147M  152M
13-06 17:00:31|  8   4  82   6   0   0|2832M 4024k 1158M  141M
13-06 17:00:33|  7   4  82   7   0   0|2831M 4144k 1169M  130M
13-06 17:00:35|  8   4  83   5   0   0|2831M 4140k 1155M  145M
13-06 17:00:37|  8   4  82   6   0   0|2831M 4284k 1160M  139M
13-06 17:00:39|  8   4  82   5   0   0|2829M 4132k 1161M  140M
13-06 17:00:41|  8   4  83   5   0   0|2828M 4136k 1176M  127M
13-06 17:00:43|  8   4  82   6   0   0|2828M 4136k 1166M  137M
13-06 17:00:45|  8   4  82   6   0   0|2834M 4140k 1160M  136M
13-06 17:00:47|  8   4  83   5   0   0|2837M 4128k 1159M  134M
13-06 17:00:49|  8   4  82   5   0   0|2834M 4248k 1159M  138M
13-06 17:00:51|  8   4  82   6   0   0|2834M 4232k 1162M  133M
13-06 17:00:53|  8   4  82   6   0   0|2835M 4652k 1156M  138M
13-06 17:00:55|  7   4  82   6   0   0|2835M 4652k 1151M  143M
13-06 17:00:57|  8   4  82   6   0   0|2836M 6316k 1141M  151M
13-06 17:00:59|  8   4  82   6   0   0|2835M 6380k 1161M  132M
13-06 17:01:01|  8   4  83   5   0   0|2836M 5892k 1156M  137M
13-06 17:01:03|  8   4  82   5   0   0|2843M 6524k 1150M  136M
13-06 17:01:05|  8   4  83   5   0   0|2838M 6456k 1159M  131M
13-06 17:01:07|  8   4  82   6   0   0|2837M 5460k 1156M  136M
urrent ops/sec; est completion in 15 minutes [READ: Count=90910, Max=32095, Min=166, Avg=856.35, 90=1171, 99=1533, 99.9=2953, 99.99=12047] 
